[0.957s] DEBUG:colcon:Command line arguments: ['/usr/bin/colcon', 'build', '--packages-select', 'decision_making_pkg']
[0.958s] DEBUG:colcon:Parsed command line arguments: Namespace(log_base=None, log_level=None, verb_name='build', build_base='build', install_base='install', merge_install=False, symlink_install=False, test_result_base=None, continue_on_error=False, executor='parallel', parallel_workers=20, event_handlers=None, ignore_user_meta=False, metas=['./colcon.meta'], base_paths=['.'], packages_ignore=None, packages_ignore_regex=None, paths=None, packages_up_to=None, packages_up_to_regex=None, packages_above=None, packages_above_and_dependencies=None, packages_above_depth=None, packages_select_by_dep=None, packages_skip_by_dep=None, packages_skip_up_to=None, packages_select_build_failed=False, packages_skip_build_finished=False, packages_select_test_failures=False, packages_skip_test_passed=False, packages_select=['decision_making_pkg'], packages_skip=None, packages_select_regex=None, packages_skip_regex=None, packages_start=None, packages_end=None, allow_overriding=[], cmake_args=None, cmake_target=None, cmake_target_skip_unavailable=False, cmake_clean_cache=False, cmake_clean_first=False, cmake_force_configure=False, ament_cmake_args=None, catkin_cmake_args=None, catkin_skip_building_tests=False, mixin_files=None, mixin=None, verb_parser=<colcon_mixin.mixin.mixin_argument.MixinArgumentDecorator object at 0x7d371ea13d60>, verb_extension=<colcon_core.verb.build.BuildVerb object at 0x7d371ea136d0>, main=<bound method BuildVerb.main of <colcon_core.verb.build.BuildVerb object at 0x7d371ea136d0>>, mixin_verb=('build',))
[2.029s] Level 1:colcon.colcon_core.package_discovery:discover_packages(colcon_meta) check parameters
[2.029s] Level 1:colcon.colcon_core.package_discovery:discover_packages(recursive) check parameters
[2.030s] Level 1:colcon.colcon_core.package_discovery:discover_packages(ignore) check parameters
[2.030s] Level 1:colcon.colcon_core.package_discovery:discover_packages(path) check parameters
[2.030s] Level 1:colcon.colcon_core.package_discovery:discover_packages(colcon_meta) discover
[2.030s] Level 1:colcon.colcon_core.package_discovery:discover_packages(recursive) discover
[2.030s] INFO:colcon.colcon_core.package_discovery:Crawling recursively for packages in '/home/tu03/ros2_ws'
[2.039s] Level 1:colcon.colcon_core.package_identification:_identify(.) by extensions ['ignore', 'ignore_ament_install']
[2.040s] Level 1:colcon.colcon_core.package_identification:_identify(.) by extension 'ignore'
[2.040s] Level 1:colcon.colcon_core.package_identification:_identify(.) by extension 'ignore_ament_install'
[2.040s] Level 1:colcon.colcon_core.package_identification:_identify(.) by extensions ['colcon_pkg']
[2.040s] Level 1:colcon.colcon_core.package_identification:_identify(.) by extension 'colcon_pkg'
[2.040s] Level 1:colcon.colcon_core.package_identification:_identify(.) by extensions ['colcon_meta']
[2.040s] Level 1:colcon.colcon_core.package_identification:_identify(.) by extension 'colcon_meta'
[2.040s] Level 1:colcon.colcon_core.package_identification:_identify(.) by extensions ['ros']
[2.040s] Level 1:colcon.colcon_core.package_identification:_identify(.) by extension 'ros'
[2.091s] Level 1:colcon.colcon_core.package_identification:_identify(.) by extensions ['cmake', 'python']
[2.091s] Level 1:colcon.colcon_core.package_identification:_identify(.) by extension 'cmake'
[2.091s] Level 1:colcon.colcon_core.package_identification:_identify(.) by extension 'python'
[2.091s] Level 1:colcon.colcon_core.package_identification:_identify(.) by extensions ['python_setup_py']
[2.091s] Level 1:colcon.colcon_core.package_identification:_identify(.) by extension 'python_setup_py'
[2.092s] Level 1:colcon.colcon_core.package_identification:_identify(build) by extensions ['ignore', 'ignore_ament_install']
[2.092s] Level 1:colcon.colcon_core.package_identification:_identify(build) by extension 'ignore'
[2.092s] Level 1:colcon.colcon_core.package_identification:_identify(build) ignored
[2.093s] Level 1:colcon.colcon_core.package_identification:_identify(driving) by extensions ['ignore', 'ignore_ament_install']
[2.093s] Level 1:colcon.colcon_core.package_identification:_identify(driving) by extension 'ignore'
[2.093s] Level 1:colcon.colcon_core.package_identification:_identify(driving) by extension 'ignore_ament_install'
[2.093s] Level 1:colcon.colcon_core.package_identification:_identify(driving) by extensions ['colcon_pkg']
[2.093s] Level 1:colcon.colcon_core.package_identification:_identify(driving) by extension 'colcon_pkg'
[2.093s] Level 1:colcon.colcon_core.package_identification:_identify(driving) by extensions ['colcon_meta']
[2.094s] Level 1:colcon.colcon_core.package_identification:_identify(driving) by extension 'colcon_meta'
[2.094s] Level 1:colcon.colcon_core.package_identification:_identify(driving) by extensions ['ros']
[2.094s] Level 1:colcon.colcon_core.package_identification:_identify(driving) by extension 'ros'
[2.094s] Level 1:colcon.colcon_core.package_identification:_identify(driving) by extensions ['cmake', 'python']
[2.094s] Level 1:colcon.colcon_core.package_identification:_identify(driving) by extension 'cmake'
[2.094s] Level 1:colcon.colcon_core.package_identification:_identify(driving) by extension 'python'
[2.094s] Level 1:colcon.colcon_core.package_identification:_identify(driving) by extensions ['python_setup_py']
[2.094s] Level 1:colcon.colcon_core.package_identification:_identify(driving) by extension 'python_setup_py'
[2.095s] Level 1:colcon.colcon_core.package_identification:_identify(install) by extensions ['ignore', 'ignore_ament_install']
[2.095s] Level 1:colcon.colcon_core.package_identification:_identify(install) by extension 'ignore'
[2.095s] Level 1:colcon.colcon_core.package_identification:_identify(install) ignored
[2.095s] Level 1:colcon.colcon_core.package_identification:_identify(log) by extensions ['ignore', 'ignore_ament_install']
[2.096s] Level 1:colcon.colcon_core.package_identification:_identify(log) by extension 'ignore'
[2.096s] Level 1:colcon.colcon_core.package_identification:_identify(log) ignored
[2.096s] Level 1:colcon.colcon_core.package_identification:_identify(src) by extensions ['ignore', 'ignore_ament_install']
[2.096s] Level 1:colcon.colcon_core.package_identification:_identify(src) by extension 'ignore'
[2.096s] Level 1:colcon.colcon_core.package_identification:_identify(src) by extension 'ignore_ament_install'
[2.097s] Level 1:colcon.colcon_core.package_identification:_identify(src) by extensions ['colcon_pkg']
[2.097s] Level 1:colcon.colcon_core.package_identification:_identify(src) by extension 'colcon_pkg'
[2.097s] Level 1:colcon.colcon_core.package_identification:_identify(src) by extensions ['colcon_meta']
[2.097s] Level 1:colcon.colcon_core.package_identification:_identify(src) by extension 'colcon_meta'
[2.097s] Level 1:colcon.colcon_core.package_identification:_identify(src) by extensions ['ros']
[2.097s] Level 1:colcon.colcon_core.package_identification:_identify(src) by extension 'ros'
[2.097s] Level 1:colcon.colcon_core.package_identification:_identify(src) by extensions ['cmake', 'python']
[2.097s] Level 1:colcon.colcon_core.package_identification:_identify(src) by extension 'cmake'
[2.098s] Level 1:colcon.colcon_core.package_identification:_identify(src) by extension 'python'
[2.098s] Level 1:colcon.colcon_core.package_identification:_identify(src) by extensions ['python_setup_py']
[2.098s] Level 1:colcon.colcon_core.package_identification:_identify(src) by extension 'python_setup_py'
[2.099s] Level 1:colcon.colcon_core.package_identification:_identify(src/another_car_test) by extensions ['ignore', 'ignore_ament_install']
[2.099s] Level 1:colcon.colcon_core.package_identification:_identify(src/another_car_test) by extension 'ignore'
[2.099s] Level 1:colcon.colcon_core.package_identification:_identify(src/another_car_test) by extension 'ignore_ament_install'
[2.099s] Level 1:colcon.colcon_core.package_identification:_identify(src/another_car_test) by extensions ['colcon_pkg']
[2.099s] Level 1:colcon.colcon_core.package_identification:_identify(src/another_car_test) by extension 'colcon_pkg'
[2.099s] Level 1:colcon.colcon_core.package_identification:_identify(src/another_car_test) by extensions ['colcon_meta']
[2.099s] Level 1:colcon.colcon_core.package_identification:_identify(src/another_car_test) by extension 'colcon_meta'
[2.099s] Level 1:colcon.colcon_core.package_identification:_identify(src/another_car_test) by extensions ['ros']
[2.100s] Level 1:colcon.colcon_core.package_identification:_identify(src/another_car_test) by extension 'ros'
[2.100s] Level 1:colcon.colcon_core.package_identification:_identify(src/another_car_test) by extensions ['cmake', 'python']
[2.100s] Level 1:colcon.colcon_core.package_identification:_identify(src/another_car_test) by extension 'cmake'
[2.100s] Level 1:colcon.colcon_core.package_identification:_identify(src/another_car_test) by extension 'python'
[2.100s] Level 1:colcon.colcon_core.package_identification:_identify(src/another_car_test) by extensions ['python_setup_py']
[2.100s] Level 1:colcon.colcon_core.package_identification:_identify(src/another_car_test) by extension 'python_setup_py'
[2.100s] Level 1:colcon.colcon_core.package_identification:_identify(src/camera_perception_pkg) by extensions ['ignore', 'ignore_ament_install']
[2.100s] Level 1:colcon.colcon_core.package_identification:_identify(src/camera_perception_pkg) by extension 'ignore'
[2.100s] Level 1:colcon.colcon_core.package_identification:_identify(src/camera_perception_pkg) by extension 'ignore_ament_install'
[2.101s] Level 1:colcon.colcon_core.package_identification:_identify(src/camera_perception_pkg) by extensions ['colcon_pkg']
[2.101s] Level 1:colcon.colcon_core.package_identification:_identify(src/camera_perception_pkg) by extension 'colcon_pkg'
[2.101s] Level 1:colcon.colcon_core.package_identification:_identify(src/camera_perception_pkg) by extensions ['colcon_meta']
[2.101s] Level 1:colcon.colcon_core.package_identification:_identify(src/camera_perception_pkg) by extension 'colcon_meta'
[2.101s] Level 1:colcon.colcon_core.package_identification:_identify(src/camera_perception_pkg) by extensions ['ros']
[2.101s] Level 1:colcon.colcon_core.package_identification:_identify(src/camera_perception_pkg) by extension 'ros'
[2.108s] DEBUG:colcon.colcon_core.package_identification:Package 'src/camera_perception_pkg' with type 'ros.ament_python' and name 'camera_perception_pkg'
[2.111s] Level 1:colcon.colcon_core.package_identification:_identify(src/captures) by extensions ['ignore', 'ignore_ament_install']
[2.111s] Level 1:colcon.colcon_core.package_identification:_identify(src/captures) by extension 'ignore'
[2.111s] Level 1:colcon.colcon_core.package_identification:_identify(src/captures) by extension 'ignore_ament_install'
[2.111s] Level 1:colcon.colcon_core.package_identification:_identify(src/captures) by extensions ['colcon_pkg']
[2.111s] Level 1:colcon.colcon_core.package_identification:_identify(src/captures) by extension 'colcon_pkg'
[2.112s] Level 1:colcon.colcon_core.package_identification:_identify(src/captures) by extensions ['colcon_meta']
[2.112s] Level 1:colcon.colcon_core.package_identification:_identify(src/captures) by extension 'colcon_meta'
[2.112s] Level 1:colcon.colcon_core.package_identification:_identify(src/captures) by extensions ['ros']
[2.112s] Level 1:colcon.colcon_core.package_identification:_identify(src/captures) by extension 'ros'
[2.112s] Level 1:colcon.colcon_core.package_identification:_identify(src/captures) by extensions ['cmake', 'python']
[2.112s] Level 1:colcon.colcon_core.package_identification:_identify(src/captures) by extension 'cmake'
[2.112s] Level 1:colcon.colcon_core.package_identification:_identify(src/captures) by extension 'python'
[2.112s] Level 1:colcon.colcon_core.package_identification:_identify(src/captures) by extensions ['python_setup_py']
[2.112s] Level 1:colcon.colcon_core.package_identification:_identify(src/captures) by extension 'python_setup_py'
[2.113s] Level 1:colcon.colcon_core.package_identification:_identify(src/control) by extensions ['ignore', 'ignore_ament_install']
[2.113s] Level 1:colcon.colcon_core.package_identification:_identify(src/control) by extension 'ignore'
[2.113s] Level 1:colcon.colcon_core.package_identification:_identify(src/control) by extension 'ignore_ament_install'
[2.113s] Level 1:colcon.colcon_core.package_identification:_identify(src/control) by extensions ['colcon_pkg']
[2.114s] Level 1:colcon.colcon_core.package_identification:_identify(src/control) by extension 'colcon_pkg'
[2.114s] Level 1:colcon.colcon_core.package_identification:_identify(src/control) by extensions ['colcon_meta']
[2.114s] Level 1:colcon.colcon_core.package_identification:_identify(src/control) by extension 'colcon_meta'
[2.114s] Level 1:colcon.colcon_core.package_identification:_identify(src/control) by extensions ['ros']
[2.114s] Level 1:colcon.colcon_core.package_identification:_identify(src/control) by extension 'ros'
[2.114s] Level 1:colcon.colcon_core.package_identification:_identify(src/control) by extensions ['cmake', 'python']
[2.114s] Level 1:colcon.colcon_core.package_identification:_identify(src/control) by extension 'cmake'
[2.114s] Level 1:colcon.colcon_core.package_identification:_identify(src/control) by extension 'python'
[2.115s] Level 1:colcon.colcon_core.package_identification:_identify(src/control) by extensions ['python_setup_py']
[2.115s] Level 1:colcon.colcon_core.package_identification:_identify(src/control) by extension 'python_setup_py'
[2.115s] Level 1:colcon.colcon_core.package_identification:_identify(src/control/check_variable_resistor) by extensions ['ignore', 'ignore_ament_install']
[2.115s] Level 1:colcon.colcon_core.package_identification:_identify(src/control/check_variable_resistor) by extension 'ignore'
[2.115s] Level 1:colcon.colcon_core.package_identification:_identify(src/control/check_variable_resistor) by extension 'ignore_ament_install'
[2.116s] Level 1:colcon.colcon_core.package_identification:_identify(src/control/check_variable_resistor) by extensions ['colcon_pkg']
[2.116s] Level 1:colcon.colcon_core.package_identification:_identify(src/control/check_variable_resistor) by extension 'colcon_pkg'
[2.116s] Level 1:colcon.colcon_core.package_identification:_identify(src/control/check_variable_resistor) by extensions ['colcon_meta']
[2.116s] Level 1:colcon.colcon_core.package_identification:_identify(src/control/check_variable_resistor) by extension 'colcon_meta'
[2.116s] Level 1:colcon.colcon_core.package_identification:_identify(src/control/check_variable_resistor) by extensions ['ros']
[2.116s] Level 1:colcon.colcon_core.package_identification:_identify(src/control/check_variable_resistor) by extension 'ros'
[2.117s] Level 1:colcon.colcon_core.package_identification:_identify(src/control/check_variable_resistor) by extensions ['cmake', 'python']
[2.117s] Level 1:colcon.colcon_core.package_identification:_identify(src/control/check_variable_resistor) by extension 'cmake'
[2.117s] Level 1:colcon.colcon_core.package_identification:_identify(src/control/check_variable_resistor) by extension 'python'
[2.117s] Level 1:colcon.colcon_core.package_identification:_identify(src/control/check_variable_resistor) by extensions ['python_setup_py']
[2.117s] Level 1:colcon.colcon_core.package_identification:_identify(src/control/check_variable_resistor) by extension 'python_setup_py'
[2.118s] Level 1:colcon.colcon_core.package_identification:_identify(src/control/driving) by extensions ['ignore', 'ignore_ament_install']
[2.118s] Level 1:colcon.colcon_core.package_identification:_identify(src/control/driving) by extension 'ignore'
[2.118s] Level 1:colcon.colcon_core.package_identification:_identify(src/control/driving) by extension 'ignore_ament_install'
[2.118s] Level 1:colcon.colcon_core.package_identification:_identify(src/control/driving) by extensions ['colcon_pkg']
[2.118s] Level 1:colcon.colcon_core.package_identification:_identify(src/control/driving) by extension 'colcon_pkg'
[2.118s] Level 1:colcon.colcon_core.package_identification:_identify(src/control/driving) by extensions ['colcon_meta']
[2.118s] Level 1:colcon.colcon_core.package_identification:_identify(src/control/driving) by extension 'colcon_meta'
[2.119s] Level 1:colcon.colcon_core.package_identification:_identify(src/control/driving) by extensions ['ros']
[2.119s] Level 1:colcon.colcon_core.package_identification:_identify(src/control/driving) by extension 'ros'
[2.119s] Level 1:colcon.colcon_core.package_identification:_identify(src/control/driving) by extensions ['cmake', 'python']
[2.119s] Level 1:colcon.colcon_core.package_identification:_identify(src/control/driving) by extension 'cmake'
[2.119s] Level 1:colcon.colcon_core.package_identification:_identify(src/control/driving) by extension 'python'
[2.119s] Level 1:colcon.colcon_core.package_identification:_identify(src/control/driving) by extensions ['python_setup_py']
[2.119s] Level 1:colcon.colcon_core.package_identification:_identify(src/control/driving) by extension 'python_setup_py'
[2.119s] Level 1:colcon.colcon_core.package_identification:_identify(src/control/motor_test) by extensions ['ignore', 'ignore_ament_install']
[2.120s] Level 1:colcon.colcon_core.package_identification:_identify(src/control/motor_test) by extension 'ignore'
[2.120s] Level 1:colcon.colcon_core.package_identification:_identify(src/control/motor_test) by extension 'ignore_ament_install'
[2.120s] Level 1:colcon.colcon_core.package_identification:_identify(src/control/motor_test) by extensions ['colcon_pkg']
[2.120s] Level 1:colcon.colcon_core.package_identification:_identify(src/control/motor_test) by extension 'colcon_pkg'
[2.120s] Level 1:colcon.colcon_core.package_identification:_identify(src/control/motor_test) by extensions ['colcon_meta']
[2.120s] Level 1:colcon.colcon_core.package_identification:_identify(src/control/motor_test) by extension 'colcon_meta'
[2.120s] Level 1:colcon.colcon_core.package_identification:_identify(src/control/motor_test) by extensions ['ros']
[2.120s] Level 1:colcon.colcon_core.package_identification:_identify(src/control/motor_test) by extension 'ros'
[2.120s] Level 1:colcon.colcon_core.package_identification:_identify(src/control/motor_test) by extensions ['cmake', 'python']
[2.121s] Level 1:colcon.colcon_core.package_identification:_identify(src/control/motor_test) by extension 'cmake'
[2.121s] Level 1:colcon.colcon_core.package_identification:_identify(src/control/motor_test) by extension 'python'
[2.121s] Level 1:colcon.colcon_core.package_identification:_identify(src/control/motor_test) by extensions ['python_setup_py']
[2.121s] Level 1:colcon.colcon_core.package_identification:_identify(src/control/motor_test) by extension 'python_setup_py'
[2.121s] Level 1:colcon.colcon_core.package_identification:_identify(src/control/ultrasonic) by extensions ['ignore', 'ignore_ament_install']
[2.121s] Level 1:colcon.colcon_core.package_identification:_identify(src/control/ultrasonic) by extension 'ignore'
[2.121s] Level 1:colcon.colcon_core.package_identification:_identify(src/control/ultrasonic) by extension 'ignore_ament_install'
[2.121s] Level 1:colcon.colcon_core.package_identification:_identify(src/control/ultrasonic) by extensions ['colcon_pkg']
[2.122s] Level 1:colcon.colcon_core.package_identification:_identify(src/control/ultrasonic) by extension 'colcon_pkg'
[2.122s] Level 1:colcon.colcon_core.package_identification:_identify(src/control/ultrasonic) by extensions ['colcon_meta']
[2.122s] Level 1:colcon.colcon_core.package_identification:_identify(src/control/ultrasonic) by extension 'colcon_meta'
[2.122s] Level 1:colcon.colcon_core.package_identification:_identify(src/control/ultrasonic) by extensions ['ros']
[2.122s] Level 1:colcon.colcon_core.package_identification:_identify(src/control/ultrasonic) by extension 'ros'
[2.122s] Level 1:colcon.colcon_core.package_identification:_identify(src/control/ultrasonic) by extensions ['cmake', 'python']
[2.122s] Level 1:colcon.colcon_core.package_identification:_identify(src/control/ultrasonic) by extension 'cmake'
[2.122s] Level 1:colcon.colcon_core.package_identification:_identify(src/control/ultrasonic) by extension 'python'
[2.122s] Level 1:colcon.colcon_core.package_identification:_identify(src/control/ultrasonic) by extensions ['python_setup_py']
[2.122s] Level 1:colcon.colcon_core.package_identification:_identify(src/control/ultrasonic) by extension 'python_setup_py'
[2.123s] Level 1:colcon.colcon_core.package_identification:_identify(src/data_collection) by extensions ['ignore', 'ignore_ament_install']
[2.123s] Level 1:colcon.colcon_core.package_identification:_identify(src/data_collection) by extension 'ignore'
[2.123s] Level 1:colcon.colcon_core.package_identification:_identify(src/data_collection) by extension 'ignore_ament_install'
[2.123s] Level 1:colcon.colcon_core.package_identification:_identify(src/data_collection) by extensions ['colcon_pkg']
[2.123s] Level 1:colcon.colcon_core.package_identification:_identify(src/data_collection) by extension 'colcon_pkg'
[2.123s] Level 1:colcon.colcon_core.package_identification:_identify(src/data_collection) by extensions ['colcon_meta']
[2.124s] Level 1:colcon.colcon_core.package_identification:_identify(src/data_collection) by extension 'colcon_meta'
[2.124s] Level 1:colcon.colcon_core.package_identification:_identify(src/data_collection) by extensions ['ros']
[2.124s] Level 1:colcon.colcon_core.package_identification:_identify(src/data_collection) by extension 'ros'
[2.124s] Level 1:colcon.colcon_core.package_identification:_identify(src/data_collection) by extensions ['cmake', 'python']
[2.124s] Level 1:colcon.colcon_core.package_identification:_identify(src/data_collection) by extension 'cmake'
[2.124s] Level 1:colcon.colcon_core.package_identification:_identify(src/data_collection) by extension 'python'
[2.124s] Level 1:colcon.colcon_core.package_identification:_identify(src/data_collection) by extensions ['python_setup_py']
[2.124s] Level 1:colcon.colcon_core.package_identification:_identify(src/data_collection) by extension 'python_setup_py'
[2.125s] Level 1:colcon.colcon_core.package_identification:_identify(src/debug_pkg) by extensions ['ignore', 'ignore_ament_install']
[2.125s] Level 1:colcon.colcon_core.package_identification:_identify(src/debug_pkg) by extension 'ignore'
[2.125s] Level 1:colcon.colcon_core.package_identification:_identify(src/debug_pkg) by extension 'ignore_ament_install'
[2.125s] Level 1:colcon.colcon_core.package_identification:_identify(src/debug_pkg) by extensions ['colcon_pkg']
[2.125s] Level 1:colcon.colcon_core.package_identification:_identify(src/debug_pkg) by extension 'colcon_pkg'
[2.125s] Level 1:colcon.colcon_core.package_identification:_identify(src/debug_pkg) by extensions ['colcon_meta']
[2.125s] Level 1:colcon.colcon_core.package_identification:_identify(src/debug_pkg) by extension 'colcon_meta'
[2.125s] Level 1:colcon.colcon_core.package_identification:_identify(src/debug_pkg) by extensions ['ros']
[2.126s] Level 1:colcon.colcon_core.package_identification:_identify(src/debug_pkg) by extension 'ros'
[2.127s] DEBUG:colcon.colcon_core.package_identification:Package 'src/debug_pkg' with type 'ros.ament_python' and name 'debug_pkg'
[2.127s] Level 1:colcon.colcon_core.package_identification:_identify(src/decision_making_pkg) by extensions ['ignore', 'ignore_ament_install']
[2.128s] Level 1:colcon.colcon_core.package_identification:_identify(src/decision_making_pkg) by extension 'ignore'
[2.128s] Level 1:colcon.colcon_core.package_identification:_identify(src/decision_making_pkg) by extension 'ignore_ament_install'
[2.128s] Level 1:colcon.colcon_core.package_identification:_identify(src/decision_making_pkg) by extensions ['colcon_pkg']
[2.128s] Level 1:colcon.colcon_core.package_identification:_identify(src/decision_making_pkg) by extension 'colcon_pkg'
[2.128s] Level 1:colcon.colcon_core.package_identification:_identify(src/decision_making_pkg) by extensions ['colcon_meta']
[2.128s] Level 1:colcon.colcon_core.package_identification:_identify(src/decision_making_pkg) by extension 'colcon_meta'
[2.128s] Level 1:colcon.colcon_core.package_identification:_identify(src/decision_making_pkg) by extensions ['ros']
[2.128s] Level 1:colcon.colcon_core.package_identification:_identify(src/decision_making_pkg) by extension 'ros'
[2.130s] DEBUG:colcon.colcon_core.package_identification:Package 'src/decision_making_pkg' with type 'ros.ament_python' and name 'decision_making_pkg'
[2.130s] Level 1:colcon.colcon_core.package_identification:_identify(src/interfaces_pkg) by extensions ['ignore', 'ignore_ament_install']
[2.130s] Level 1:colcon.colcon_core.package_identification:_identify(src/interfaces_pkg) by extension 'ignore'
[2.131s] Level 1:colcon.colcon_core.package_identification:_identify(src/interfaces_pkg) by extension 'ignore_ament_install'
[2.131s] Level 1:colcon.colcon_core.package_identification:_identify(src/interfaces_pkg) by extensions ['colcon_pkg']
[2.131s] Level 1:colcon.colcon_core.package_identification:_identify(src/interfaces_pkg) by extension 'colcon_pkg'
[2.131s] Level 1:colcon.colcon_core.package_identification:_identify(src/interfaces_pkg) by extensions ['colcon_meta']
[2.131s] Level 1:colcon.colcon_core.package_identification:_identify(src/interfaces_pkg) by extension 'colcon_meta'
[2.131s] Level 1:colcon.colcon_core.package_identification:_identify(src/interfaces_pkg) by extensions ['ros']
[2.131s] Level 1:colcon.colcon_core.package_identification:_identify(src/interfaces_pkg) by extension 'ros'
[2.133s] DEBUG:colcon.colcon_core.package_identification:Package 'src/interfaces_pkg' with type 'ros.ament_cmake' and name 'interfaces_pkg'
[2.133s] Level 1:colcon.colcon_core.package_identification:_identify(src/launch_pkg) by extensions ['ignore', 'ignore_ament_install']
[2.133s] Level 1:colcon.colcon_core.package_identification:_identify(src/launch_pkg) by extension 'ignore'
[2.133s] Level 1:colcon.colcon_core.package_identification:_identify(src/launch_pkg) by extension 'ignore_ament_install'
[2.134s] Level 1:colcon.colcon_core.package_identification:_identify(src/launch_pkg) by extensions ['colcon_pkg']
[2.134s] Level 1:colcon.colcon_core.package_identification:_identify(src/launch_pkg) by extension 'colcon_pkg'
[2.134s] Level 1:colcon.colcon_core.package_identification:_identify(src/launch_pkg) by extensions ['colcon_meta']
[2.134s] Level 1:colcon.colcon_core.package_identification:_identify(src/launch_pkg) by extension 'colcon_meta'
[2.134s] Level 1:colcon.colcon_core.package_identification:_identify(src/launch_pkg) by extensions ['ros']
[2.134s] Level 1:colcon.colcon_core.package_identification:_identify(src/launch_pkg) by extension 'ros'
[2.135s] DEBUG:colcon.colcon_core.package_identification:Package 'src/launch_pkg' with type 'ros.ament_cmake' and name 'launch_pkg'
[2.136s] Level 1:colcon.colcon_core.package_identification:_identify(src/lidar_perception_pkg) by extensions ['ignore', 'ignore_ament_install']
[2.136s] Level 1:colcon.colcon_core.package_identification:_identify(src/lidar_perception_pkg) by extension 'ignore'
[2.136s] Level 1:colcon.colcon_core.package_identification:_identify(src/lidar_perception_pkg) by extension 'ignore_ament_install'
[2.136s] Level 1:colcon.colcon_core.package_identification:_identify(src/lidar_perception_pkg) by extensions ['colcon_pkg']
[2.136s] Level 1:colcon.colcon_core.package_identification:_identify(src/lidar_perception_pkg) by extension 'colcon_pkg'
[2.136s] Level 1:colcon.colcon_core.package_identification:_identify(src/lidar_perception_pkg) by extensions ['colcon_meta']
[2.137s] Level 1:colcon.colcon_core.package_identification:_identify(src/lidar_perception_pkg) by extension 'colcon_meta'
[2.137s] Level 1:colcon.colcon_core.package_identification:_identify(src/lidar_perception_pkg) by extensions ['ros']
[2.137s] Level 1:colcon.colcon_core.package_identification:_identify(src/lidar_perception_pkg) by extension 'ros'
[2.138s] DEBUG:colcon.colcon_core.package_identification:Package 'src/lidar_perception_pkg' with type 'ros.ament_python' and name 'lidar_perception_pkg'
[2.139s] Level 1:colcon.colcon_core.package_identification:_identify(src/serial_communication_pkg) by extensions ['ignore', 'ignore_ament_install']
[2.139s] Level 1:colcon.colcon_core.package_identification:_identify(src/serial_communication_pkg) by extension 'ignore'
[2.139s] Level 1:colcon.colcon_core.package_identification:_identify(src/serial_communication_pkg) by extension 'ignore_ament_install'
[2.139s] Level 1:colcon.colcon_core.package_identification:_identify(src/serial_communication_pkg) by extensions ['colcon_pkg']
[2.139s] Level 1:colcon.colcon_core.package_identification:_identify(src/serial_communication_pkg) by extension 'colcon_pkg'
[2.139s] Level 1:colcon.colcon_core.package_identification:_identify(src/serial_communication_pkg) by extensions ['colcon_meta']
[2.139s] Level 1:colcon.colcon_core.package_identification:_identify(src/serial_communication_pkg) by extension 'colcon_meta'
[2.140s] Level 1:colcon.colcon_core.package_identification:_identify(src/serial_communication_pkg) by extensions ['ros']
[2.140s] Level 1:colcon.colcon_core.package_identification:_identify(src/serial_communication_pkg) by extension 'ros'
[2.141s] DEBUG:colcon.colcon_core.package_identification:Package 'src/serial_communication_pkg' with type 'ros.ament_python' and name 'serial_communication_pkg'
[2.141s] Level 1:colcon.colcon_core.package_discovery:discover_packages(recursive) using defaults
[2.142s] Level 1:colcon.colcon_core.package_discovery:discover_packages(ignore) discover
[2.142s] Level 1:colcon.colcon_core.package_discovery:discover_packages(ignore) using defaults
[2.142s] Level 1:colcon.colcon_core.package_discovery:discover_packages(path) discover
[2.142s] Level 1:colcon.colcon_core.package_discovery:discover_packages(path) using defaults
[2.217s] INFO:colcon.colcon_core.package_selection:Skipping not selected package 'camera_perception_pkg' in 'src/camera_perception_pkg'
[2.217s] INFO:colcon.colcon_core.package_selection:Skipping not selected package 'debug_pkg' in 'src/debug_pkg'
[2.217s] INFO:colcon.colcon_core.package_selection:Skipping not selected package 'interfaces_pkg' in 'src/interfaces_pkg'
[2.217s] INFO:colcon.colcon_core.package_selection:Skipping not selected package 'launch_pkg' in 'src/launch_pkg'
[2.217s] INFO:colcon.colcon_core.package_selection:Skipping not selected package 'lidar_perception_pkg' in 'src/lidar_perception_pkg'
[2.217s] INFO:colcon.colcon_core.package_selection:Skipping not selected package 'serial_communication_pkg' in 'src/serial_communication_pkg'
[2.218s] Level 1:colcon.colcon_core.package_discovery:discover_packages(prefix_path) check parameters
[2.218s] Level 1:colcon.colcon_core.package_discovery:discover_packages(prefix_path) discover
[2.222s] DEBUG:colcon.colcon_installed_package_information.package_discovery:Found 7 installed packages in /home/tu03/ros2_ws/install
[2.226s] DEBUG:colcon.colcon_installed_package_information.package_discovery:Found 272 installed packages in /opt/ros/humble
[2.233s] Level 1:colcon.colcon_core.package_discovery:discover_packages(prefix_path) using defaults
[2.317s] Level 5:colcon.colcon_core.verb:set package 'decision_making_pkg' build argument 'cmake_args' from command line to 'None'
[2.317s] Level 5:colcon.colcon_core.verb:set package 'decision_making_pkg' build argument 'cmake_target' from command line to 'None'
[2.317s] Level 5:colcon.colcon_core.verb:set package 'decision_making_pkg' build argument 'cmake_target_skip_unavailable' from command line to 'False'
[2.317s] Level 5:colcon.colcon_core.verb:set package 'decision_making_pkg' build argument 'cmake_clean_cache' from command line to 'False'
[2.317s] Level 5:colcon.colcon_core.verb:set package 'decision_making_pkg' build argument 'cmake_clean_first' from command line to 'False'
[2.318s] Level 5:colcon.colcon_core.verb:set package 'decision_making_pkg' build argument 'cmake_force_configure' from command line to 'False'
[2.318s] Level 5:colcon.colcon_core.verb:set package 'decision_making_pkg' build argument 'ament_cmake_args' from command line to 'None'
[2.318s] Level 5:colcon.colcon_core.verb:set package 'decision_making_pkg' build argument 'catkin_cmake_args' from command line to 'None'
[2.318s] Level 5:colcon.colcon_core.verb:set package 'decision_making_pkg' build argument 'catkin_skip_building_tests' from command line to 'False'
[2.318s] DEBUG:colcon.colcon_core.verb:Building package 'decision_making_pkg' with the following arguments: {'ament_cmake_args': None, 'build_base': '/home/tu03/ros2_ws/build/decision_making_pkg', 'catkin_cmake_args': None, 'catkin_skip_building_tests': False, 'cmake_args': None, 'cmake_clean_cache': False, 'cmake_clean_first': False, 'cmake_force_configure': False, 'cmake_target': None, 'cmake_target_skip_unavailable': False, 'install_base': '/home/tu03/ros2_ws/install/decision_making_pkg', 'merge_install': False, 'path': '/home/tu03/ros2_ws/src/decision_making_pkg', 'symlink_install': False, 'test_result_base': None}
[2.318s] INFO:colcon.colcon_core.executor:Executing jobs using 'parallel' executor
[2.321s] DEBUG:colcon.colcon_parallel_executor.executor.parallel:run_until_complete
[2.323s] INFO:colcon.colcon_ros.task.ament_python.build:Building ROS package in '/home/tu03/ros2_ws/src/decision_making_pkg' with build type 'ament_python'
[2.323s] Level 1:colcon.colcon_core.shell:create_environment_hook('decision_making_pkg', 'ament_prefix_path')
[2.331s] INFO:colcon.colcon_core.plugin_system:Skipping extension 'colcon_core.shell.bat': Not used on non-Windows systems
[2.331s] INFO:colcon.colcon_core.shell:Creating environment hook '/home/tu03/ros2_ws/install/decision_making_pkg/share/decision_making_pkg/hook/ament_prefix_path.ps1'
[2.333s] INFO:colcon.colcon_core.shell:Creating environment descriptor '/home/tu03/ros2_ws/install/decision_making_pkg/share/decision_making_pkg/hook/ament_prefix_path.dsv'
[2.335s] INFO:colcon.colcon_core.shell:Creating environment hook '/home/tu03/ros2_ws/install/decision_making_pkg/share/decision_making_pkg/hook/ament_prefix_path.sh'
[2.337s] INFO:colcon.colcon_core.shell:Skip shell extension 'powershell' for command environment: Not usable outside of PowerShell
[2.338s] DEBUG:colcon.colcon_core.shell:Skip shell extension 'dsv' for command environment
[3.210s] INFO:colcon.colcon_core.task.python.build:Building Python package in '/home/tu03/ros2_ws/src/decision_making_pkg'
[3.210s] INFO:colcon.colcon_core.shell:Skip shell extension 'powershell' for command environment: Not usable outside of PowerShell
[3.210s] DEBUG:colcon.colcon_core.shell:Skip shell extension 'dsv' for command environment
[5.161s] DEBUG:colcon.colcon_core.event_handler.log_command:Invoking command in '/home/tu03/ros2_ws/src/decision_making_pkg': PYTHONPATH=/home/tu03/ros2_ws/build/decision_making_pkg/prefix_override:/usr/lib/python3/dist-packages/colcon_core/task/python/colcon_distutils_commands:/home/tu03/ros2_ws/install/decision_making_pkg/lib/python3.10/site-packages:${PYTHONPATH} /usr/bin/python3 -W ignore:setup.py install is deprecated -W ignore:easy_install command is deprecated setup.py egg_info --egg-base ../../build/decision_making_pkg build --build-base /home/tu03/ros2_ws/build/decision_making_pkg/build install --record /home/tu03/ros2_ws/build/decision_making_pkg/install.log --single-version-externally-managed install_data
[6.086s] DEBUG:colcon.colcon_core.event_handler.log_command:Invoked command in '/home/tu03/ros2_ws/src/decision_making_pkg' returned '0': PYTHONPATH=/home/tu03/ros2_ws/build/decision_making_pkg/prefix_override:/usr/lib/python3/dist-packages/colcon_core/task/python/colcon_distutils_commands:/home/tu03/ros2_ws/install/decision_making_pkg/lib/python3.10/site-packages:${PYTHONPATH} /usr/bin/python3 -W ignore:setup.py install is deprecated -W ignore:easy_install command is deprecated setup.py egg_info --egg-base ../../build/decision_making_pkg build --build-base /home/tu03/ros2_ws/build/decision_making_pkg/build install --record /home/tu03/ros2_ws/build/decision_making_pkg/install.log --single-version-externally-managed install_data
[6.090s] Level 1:colcon.colcon_core.environment:checking '/home/tu03/ros2_ws/install/decision_making_pkg' for CMake module files
[6.091s] Level 1:colcon.colcon_core.environment:checking '/home/tu03/ros2_ws/install/decision_making_pkg' for CMake config files
[6.093s] Level 1:colcon.colcon_core.environment:checking '/home/tu03/ros2_ws/install/decision_making_pkg/lib'
[6.093s] Level 1:colcon.colcon_core.environment:checking '/home/tu03/ros2_ws/install/decision_making_pkg/bin'
[6.093s] Level 1:colcon.colcon_core.environment:checking '/home/tu03/ros2_ws/install/decision_making_pkg/lib/pkgconfig/decision_making_pkg.pc'
[6.094s] Level 1:colcon.colcon_core.environment:checking '/home/tu03/ros2_ws/install/decision_making_pkg/lib/python3.10/site-packages'
[6.094s] Level 1:colcon.colcon_core.shell:create_environment_hook('decision_making_pkg', 'pythonpath')
[6.094s] INFO:colcon.colcon_core.shell:Creating environment hook '/home/tu03/ros2_ws/install/decision_making_pkg/share/decision_making_pkg/hook/pythonpath.ps1'
[6.096s] INFO:colcon.colcon_core.shell:Creating environment descriptor '/home/tu03/ros2_ws/install/decision_making_pkg/share/decision_making_pkg/hook/pythonpath.dsv'
[6.097s] INFO:colcon.colcon_core.shell:Creating environment hook '/home/tu03/ros2_ws/install/decision_making_pkg/share/decision_making_pkg/hook/pythonpath.sh'
[6.098s] Level 1:colcon.colcon_core.environment:checking '/home/tu03/ros2_ws/install/decision_making_pkg/bin'
[6.098s] Level 1:colcon.colcon_core.environment:create_environment_scripts_only(decision_making_pkg)
[6.099s] INFO:colcon.colcon_core.shell:Creating package script '/home/tu03/ros2_ws/install/decision_making_pkg/share/decision_making_pkg/package.ps1'
[6.101s] INFO:colcon.colcon_core.shell:Creating package descriptor '/home/tu03/ros2_ws/install/decision_making_pkg/share/decision_making_pkg/package.dsv'
[6.102s] INFO:colcon.colcon_core.shell:Creating package script '/home/tu03/ros2_ws/install/decision_making_pkg/share/decision_making_pkg/package.sh'
[6.104s] INFO:colcon.colcon_core.shell:Creating package script '/home/tu03/ros2_ws/install/decision_making_pkg/share/decision_making_pkg/package.bash'
[6.105s] INFO:colcon.colcon_core.shell:Creating package script '/home/tu03/ros2_ws/install/decision_making_pkg/share/decision_making_pkg/package.zsh'
[6.107s] Level 1:colcon.colcon_core.environment:create_file_with_runtime_dependencies(/home/tu03/ros2_ws/install/decision_making_pkg/share/colcon-core/packages/decision_making_pkg)
[6.107s] DEBUG:colcon.colcon_parallel_executor.executor.parallel:closing loop
[6.107s] DEBUG:colcon.colcon_parallel_executor.executor.parallel:loop closed
[6.107s] DEBUG:colcon.colcon_parallel_executor.executor.parallel:run_until_complete finished with '0'
[6.108s] DEBUG:colcon.colcon_core.event_reactor:joining thread
[6.149s] INFO:colcon.colcon_core.plugin_system:Skipping extension 'colcon_notification.desktop_notification.terminal_notifier': Not used on non-Darwin systems
[6.150s] INFO:colcon.colcon_core.plugin_system:Skipping extension 'colcon_notification.desktop_notification.win32': Not used on non-Windows systems
[6.150s] INFO:colcon.colcon_notification.desktop_notification:Sending desktop notification using 'notify2'
[6.173s] DEBUG:colcon.colcon_core.event_reactor:joined thread
[6.174s] INFO:colcon.colcon_core.shell:Creating prefix script '/home/tu03/ros2_ws/install/local_setup.ps1'
[6.176s] INFO:colcon.colcon_core.shell:Creating prefix util module '/home/tu03/ros2_ws/install/_local_setup_util_ps1.py'
[6.178s] INFO:colcon.colcon_core.shell:Creating prefix chain script '/home/tu03/ros2_ws/install/setup.ps1'
[6.180s] INFO:colcon.colcon_core.shell:Creating prefix script '/home/tu03/ros2_ws/install/local_setup.sh'
[6.181s] INFO:colcon.colcon_core.shell:Creating prefix util module '/home/tu03/ros2_ws/install/_local_setup_util_sh.py'
[6.182s] INFO:colcon.colcon_core.shell:Creating prefix chain script '/home/tu03/ros2_ws/install/setup.sh'
[6.185s] INFO:colcon.colcon_core.shell:Creating prefix script '/home/tu03/ros2_ws/install/local_setup.bash'
[6.186s] INFO:colcon.colcon_core.shell:Creating prefix chain script '/home/tu03/ros2_ws/install/setup.bash'
[6.189s] INFO:colcon.colcon_core.shell:Creating prefix script '/home/tu03/ros2_ws/install/local_setup.zsh'
[6.190s] INFO:colcon.colcon_core.shell:Creating prefix chain script '/home/tu03/ros2_ws/install/setup.zsh'
