[0.008s] Invoking command in '/home/tu03/ros2_ws/build/launch_pkg': CMAKE_PREFIX_PATH=${CMAKE_PREFIX_PATH}:/home/tu03/ros2_ws/install/debug_pkg:/home/tu03/ros2_ws/install/camera_perception_pkg:/opt/ros/humble /usr/bin/cmake /home/tu03/ros2_ws/src/launch_pkg -DAMENT_CMAKE_SYMLINK_INSTALL=1 -DCMAKE_INSTALL_PREFIX=/home/tu03/ros2_ws/install/launch_pkg
[0.102s] -- The C compiler identification is GNU 11.4.0
[0.165s] -- The CXX compiler identification is GNU 11.4.0
[0.174s] -- Detecting C compiler ABI info
[0.226s] -- Detecting C compiler ABI info - done
[0.232s] -- Check for working C compiler: /usr/bin/cc - skipped
[0.233s] -- Detecting C compile features
[0.233s] -- Detecting C compile features - done
[0.236s] -- Detecting CXX compiler ABI info
[0.295s] -- Detecting CXX compiler ABI info - done
[0.301s] -- Check for working CXX compiler: /usr/bin/c++ - skipped
[0.302s] -- Detecting CXX compile features
[0.302s] -- Detecting CXX compile features - done
[0.306s] -- Found ament_cmake: 1.3.12 (/opt/ros/humble/share/ament_cmake/cmake)
[0.445s] -- Found Python3: /usr/bin/python3 (found version "3.10.12") found components: Interpreter 
[0.518s] -- Override CMake install command with custom implementation using symlinks instead of copying resources
[0.543s] -- Found ament_lint_auto: 0.12.14 (/opt/ros/humble/share/ament_lint_auto/cmake)
[0.611s] -- Added test 'flake8' to check Python code syntax and style conventions
[0.611s] -- Added test 'lint_cmake' to check CMake code style
[0.612s] -- Added test 'pep257' to check Python code against some of the docstring style conventions in PEP 257
[0.612s] -- Added test 'xmllint' to check XML markup files
[0.614s] -- Configuring done
[0.616s] -- Generating done
[0.617s] -- Build files have been written to: /home/tu03/ros2_ws/build/launch_pkg
[0.621s] Invoked command in '/home/tu03/ros2_ws/build/launch_pkg' returned '0': CMAKE_PREFIX_PATH=${CMAKE_PREFIX_PATH}:/home/tu03/ros2_ws/install/debug_pkg:/home/tu03/ros2_ws/install/camera_perception_pkg:/opt/ros/humble /usr/bin/cmake /home/tu03/ros2_ws/src/launch_pkg -DAMENT_CMAKE_SYMLINK_INSTALL=1 -DCMAKE_INSTALL_PREFIX=/home/tu03/ros2_ws/install/launch_pkg
[0.622s] Invoking command in '/home/tu03/ros2_ws/build/launch_pkg': CMAKE_PREFIX_PATH=${CMAKE_PREFIX_PATH}:/home/tu03/ros2_ws/install/debug_pkg:/home/tu03/ros2_ws/install/camera_perception_pkg:/opt/ros/humble /usr/bin/cmake --build /home/tu03/ros2_ws/build/launch_pkg -- -j20 -l20
[0.648s] Invoked command in '/home/tu03/ros2_ws/build/launch_pkg' returned '0': CMAKE_PREFIX_PATH=${CMAKE_PREFIX_PATH}:/home/tu03/ros2_ws/install/debug_pkg:/home/tu03/ros2_ws/install/camera_perception_pkg:/opt/ros/humble /usr/bin/cmake --build /home/tu03/ros2_ws/build/launch_pkg -- -j20 -l20
[0.656s] Invoking command in '/home/tu03/ros2_ws/build/launch_pkg': CMAKE_PREFIX_PATH=${CMAKE_PREFIX_PATH}:/home/tu03/ros2_ws/install/debug_pkg:/home/tu03/ros2_ws/install/camera_perception_pkg:/opt/ros/humble /usr/bin/cmake --install /home/tu03/ros2_ws/build/launch_pkg
[0.661s] -- Install configuration: ""
[0.661s] -- Execute custom install script
[0.661s] -- Symlinking: /home/tu03/ros2_ws/install/launch_pkg/share/launch_pkg//launch/main.launch.py
[0.668s] -- Symlinking: /home/tu03/ros2_ws/install/launch_pkg/share/ament_index/resource_index/package_run_dependencies/launch_pkg
[0.674s] -- Symlinking: /home/tu03/ros2_ws/install/launch_pkg/share/ament_index/resource_index/parent_prefix_path/launch_pkg
[0.680s] -- Symlinking: /home/tu03/ros2_ws/install/launch_pkg/share/launch_pkg/environment/ament_prefix_path.sh
[0.686s] -- Symlinking: /home/tu03/ros2_ws/install/launch_pkg/share/launch_pkg/environment/ament_prefix_path.dsv
[0.691s] -- Symlinking: /home/tu03/ros2_ws/install/launch_pkg/share/launch_pkg/environment/path.sh
[0.697s] -- Symlinking: /home/tu03/ros2_ws/install/launch_pkg/share/launch_pkg/environment/path.dsv
[0.703s] -- Symlinking: /home/tu03/ros2_ws/install/launch_pkg/share/launch_pkg/local_setup.bash
[0.709s] -- Symlinking: /home/tu03/ros2_ws/install/launch_pkg/share/launch_pkg/local_setup.sh
[0.714s] -- Symlinking: /home/tu03/ros2_ws/install/launch_pkg/share/launch_pkg/local_setup.zsh
[0.720s] -- Symlinking: /home/tu03/ros2_ws/install/launch_pkg/share/launch_pkg/local_setup.dsv
[0.726s] -- Symlinking: /home/tu03/ros2_ws/install/launch_pkg/share/launch_pkg/package.dsv
[0.732s] -- Symlinking: /home/tu03/ros2_ws/install/launch_pkg/share/ament_index/resource_index/packages/launch_pkg
[0.738s] -- Symlinking: /home/tu03/ros2_ws/install/launch_pkg/share/launch_pkg/cmake/launch_pkgConfig.cmake
[0.744s] -- Symlinking: /home/tu03/ros2_ws/install/launch_pkg/share/launch_pkg/cmake/launch_pkgConfig-version.cmake
[0.750s] -- Symlinking: /home/tu03/ros2_ws/install/launch_pkg/share/launch_pkg/package.xml
[0.757s] Invoked command in '/home/tu03/ros2_ws/build/launch_pkg' returned '0': CMAKE_PREFIX_PATH=${CMAKE_PREFIX_PATH}:/home/tu03/ros2_ws/install/debug_pkg:/home/tu03/ros2_ws/install/camera_perception_pkg:/opt/ros/humble /usr/bin/cmake --install /home/tu03/ros2_ws/build/launch_pkg
