[3.748s] Invoking command in '/home/tu03/ros2_ws/src/decision_making_pkg': PYTHONPATH=/home/tu03/ros2_ws/build/decision_making_pkg/prefix_override:/usr/lib/python3/dist-packages/colcon_core/task/python/colcon_distutils_commands:/home/tu03/ros2_ws/install/decision_making_pkg/lib/python3.10/site-packages:${PYTHONPATH} /usr/bin/python3 -W ignore:setup.py install is deprecated -W ignore:easy_install command is deprecated setup.py egg_info --egg-base ../../build/decision_making_pkg build --build-base /home/tu03/ros2_ws/build/decision_making_pkg/build install --record /home/tu03/ros2_ws/build/decision_making_pkg/install.log --single-version-externally-managed install_data
[4.047s] running egg_info
[4.047s] writing ../../build/decision_making_pkg/decision_making_pkg.egg-info/PKG-INFO
[4.047s] writing dependency_links to ../../build/decision_making_pkg/decision_making_pkg.egg-info/dependency_links.txt
[4.048s] writing entry points to ../../build/decision_making_pkg/decision_making_pkg.egg-info/entry_points.txt
[4.048s] writing requirements to ../../build/decision_making_pkg/decision_making_pkg.egg-info/requires.txt
[4.048s] writing top-level names to ../../build/decision_making_pkg/decision_making_pkg.egg-info/top_level.txt
[4.049s] reading manifest file '../../build/decision_making_pkg/decision_making_pkg.egg-info/SOURCES.txt'
[4.050s] writing manifest file '../../build/decision_making_pkg/decision_making_pkg.egg-info/SOURCES.txt'
[4.051s] running build
[4.051s] running build_py
[4.051s] copying decision_making_pkg/motion_planner_node.py -> /home/tu03/ros2_ws/build/decision_making_pkg/build/lib/decision_making_pkg
[4.051s] running install
[4.051s] running install_lib
[4.052s] copying /home/tu03/ros2_ws/build/decision_making_pkg/build/lib/decision_making_pkg/motion_planner_node.py -> /home/tu03/ros2_ws/install/decision_making_pkg/lib/python3.10/site-packages/decision_making_pkg
[4.053s] byte-compiling /home/tu03/ros2_ws/install/decision_making_pkg/lib/python3.10/site-packages/decision_making_pkg/motion_planner_node.py to motion_planner_node.cpython-310.pyc
[4.055s] running install_data
[4.055s] running install_egg_info
[4.057s] removing '/home/tu03/ros2_ws/install/decision_making_pkg/lib/python3.10/site-packages/decision_making_pkg-0.0.0-py3.10.egg-info' (and everything under it)
[4.057s] Copying ../../build/decision_making_pkg/decision_making_pkg.egg-info to /home/tu03/ros2_ws/install/decision_making_pkg/lib/python3.10/site-packages/decision_making_pkg-0.0.0-py3.10.egg-info
[4.058s] running install_scripts
[4.078s] Installing motion_planner_node script to /home/tu03/ros2_ws/install/decision_making_pkg/lib/decision_making_pkg
[4.078s] Installing obstacle_motion_planner_node script to /home/tu03/ros2_ws/install/decision_making_pkg/lib/decision_making_pkg
[4.078s] Installing path_planner_node script to /home/tu03/ros2_ws/install/decision_making_pkg/lib/decision_making_pkg
[4.078s] writing list of installed files to '/home/tu03/ros2_ws/build/decision_making_pkg/install.log'
[4.101s] Invoked command in '/home/tu03/ros2_ws/src/decision_making_pkg' returned '0': PYTHONPATH=/home/tu03/ros2_ws/build/decision_making_pkg/prefix_override:/usr/lib/python3/dist-packages/colcon_core/task/python/colcon_distutils_commands:/home/tu03/ros2_ws/install/decision_making_pkg/lib/python3.10/site-packages:${PYTHONPATH} /usr/bin/python3 -W ignore:setup.py install is deprecated -W ignore:easy_install command is deprecated setup.py egg_info --egg-base ../../build/decision_making_pkg build --build-base /home/tu03/ros2_ws/build/decision_making_pkg/build install --record /home/tu03/ros2_ws/build/decision_making_pkg/install.log --single-version-externally-managed install_data
