[0.529s] Invoking command in '/home/tu03/ros2_ws/build/debug_pkg': PYTHONPATH=/home/tu03/ros2_ws/build/debug_pkg/prefix_override:/usr/lib/python3/dist-packages/colcon_core/task/python/colcon_distutils_commands:/home/tu03/ros2_ws/install/debug_pkg/lib/python3.10/site-packages:${PYTHONPATH} /usr/bin/python3 -W ignore:setup.py install is deprecated -W ignore:easy_install command is deprecated setup.py develop --editable --build-directory /home/tu03/ros2_ws/build/debug_pkg/build --no-deps symlink_data
[0.763s] running develop
[0.905s] running egg_info
[0.905s] creating debug_pkg.egg-info
[0.905s] writing debug_pkg.egg-info/PKG-INFO
[0.905s] writing dependency_links to debug_pkg.egg-info/dependency_links.txt
[0.905s] writing entry points to debug_pkg.egg-info/entry_points.txt
[0.906s] writing requirements to debug_pkg.egg-info/requires.txt
[0.906s] writing top-level names to debug_pkg.egg-info/top_level.txt
[0.906s] writing manifest file 'debug_pkg.egg-info/SOURCES.txt'
[0.907s] reading manifest file 'debug_pkg.egg-info/SOURCES.txt'
[0.908s] writing manifest file 'debug_pkg.egg-info/SOURCES.txt'
[0.909s] running build_ext
[0.909s] Creating /home/tu03/ros2_ws/install/debug_pkg/lib/python3.10/site-packages/debug-pkg.egg-link (link to .)
[0.910s] Installing path_visualizer_node script to /home/tu03/ros2_ws/install/debug_pkg/lib/debug_pkg
[0.910s] Installing yolov8_visualizer_node script to /home/tu03/ros2_ws/install/debug_pkg/lib/debug_pkg
[0.910s] 
[0.910s] Installed /home/tu03/ros2_ws/build/debug_pkg
[0.910s] running symlink_data
[0.910s] creating /home/tu03/ros2_ws/install/debug_pkg/share/ament_index
[0.910s] creating /home/tu03/ros2_ws/install/debug_pkg/share/ament_index/resource_index
[0.910s] creating /home/tu03/ros2_ws/install/debug_pkg/share/ament_index/resource_index/packages
[0.910s] symbolically linking /home/tu03/ros2_ws/build/debug_pkg/resource/debug_pkg -> /home/tu03/ros2_ws/install/debug_pkg/share/ament_index/resource_index/packages
[0.910s] symbolically linking /home/tu03/ros2_ws/build/debug_pkg/package.xml -> /home/tu03/ros2_ws/install/debug_pkg/share/debug_pkg
[0.933s] Invoked command in '/home/tu03/ros2_ws/build/debug_pkg' returned '0': PYTHONPATH=/home/tu03/ros2_ws/build/debug_pkg/prefix_override:/usr/lib/python3/dist-packages/colcon_core/task/python/colcon_distutils_commands:/home/tu03/ros2_ws/install/debug_pkg/lib/python3.10/site-packages:${PYTHONPATH} /usr/bin/python3 -W ignore:setup.py install is deprecated -W ignore:easy_install command is deprecated setup.py develop --editable --build-directory /home/tu03/ros2_ws/build/debug_pkg/build --no-deps symlink_data
