[0.547s] Invoking command in '/home/tu03/ros2_ws/build/lidar_perception_pkg': PYTHONPATH=/home/tu03/ros2_ws/build/lidar_perception_pkg/prefix_override:/usr/lib/python3/dist-packages/colcon_core/task/python/colcon_distutils_commands:/home/tu03/ros2_ws/install/lidar_perception_pkg/lib/python3.10/site-packages:${PYTHONPATH} /usr/bin/python3 -W ignore:setup.py install is deprecated -W ignore:easy_install command is deprecated setup.py develop --uninstall --editable --build-directory /home/tu03/ros2_ws/build/lidar_perception_pkg/build
[0.783s] running develop
[0.933s] Removing /home/tu03/ros2_ws/install/lidar_perception_pkg/lib/python3.10/site-packages/lidar-perception-pkg.egg-link (link to .)
[0.958s] Invoked command in '/home/tu03/ros2_ws/build/lidar_perception_pkg' returned '0': PYTHONPATH=/home/tu03/ros2_ws/build/lidar_perception_pkg/prefix_override:/usr/lib/python3/dist-packages/colcon_core/task/python/colcon_distutils_commands:/home/tu03/ros2_ws/install/lidar_perception_pkg/lib/python3.10/site-packages:${PYTHONPATH} /usr/bin/python3 -W ignore:setup.py install is deprecated -W ignore:easy_install command is deprecated setup.py develop --uninstall --editable --build-directory /home/tu03/ros2_ws/build/lidar_perception_pkg/build
[0.959s] Invoking command in '/home/tu03/ros2_ws/src/lidar_perception_pkg': PYTHONPATH=/home/tu03/ros2_ws/build/lidar_perception_pkg/prefix_override:/usr/lib/python3/dist-packages/colcon_core/task/python/colcon_distutils_commands:/home/tu03/ros2_ws/install/lidar_perception_pkg/lib/python3.10/site-packages:${PYTHONPATH} /usr/bin/python3 -W ignore:setup.py install is deprecated -W ignore:easy_install command is deprecated setup.py egg_info --egg-base ../../build/lidar_perception_pkg build --build-base /home/tu03/ros2_ws/build/lidar_perception_pkg/build install --record /home/tu03/ros2_ws/build/lidar_perception_pkg/install.log --single-version-externally-managed install_data --force
[1.176s] running egg_info
[1.177s] writing ../../build/lidar_perception_pkg/lidar_perception_pkg.egg-info/PKG-INFO
[1.177s] writing dependency_links to ../../build/lidar_perception_pkg/lidar_perception_pkg.egg-info/dependency_links.txt
[1.177s] writing entry points to ../../build/lidar_perception_pkg/lidar_perception_pkg.egg-info/entry_points.txt
[1.177s] writing requirements to ../../build/lidar_perception_pkg/lidar_perception_pkg.egg-info/requires.txt
[1.177s] writing top-level names to ../../build/lidar_perception_pkg/lidar_perception_pkg.egg-info/top_level.txt
[1.179s] reading manifest file '../../build/lidar_perception_pkg/lidar_perception_pkg.egg-info/SOURCES.txt'
[1.187s] writing manifest file '../../build/lidar_perception_pkg/lidar_perception_pkg.egg-info/SOURCES.txt'
[1.187s] running build
[1.187s] running build_py
[1.187s] creating /home/tu03/ros2_ws/build/lidar_perception_pkg/build
[1.188s] creating /home/tu03/ros2_ws/build/lidar_perception_pkg/build/lib
[1.188s] creating /home/tu03/ros2_ws/build/lidar_perception_pkg/build/lib/lidar_perception_pkg
[1.188s] copying lidar_perception_pkg/__init__.py -> /home/tu03/ros2_ws/build/lidar_perception_pkg/build/lib/lidar_perception_pkg
[1.188s] copying lidar_perception_pkg/lidar_obstacle_detector_node.py -> /home/tu03/ros2_ws/build/lidar_perception_pkg/build/lib/lidar_perception_pkg
[1.188s] copying lidar_perception_pkg/lidar_publisher_node.py -> /home/tu03/ros2_ws/build/lidar_perception_pkg/build/lib/lidar_perception_pkg
[1.188s] copying lidar_perception_pkg/lidar_processor_node.py -> /home/tu03/ros2_ws/build/lidar_perception_pkg/build/lib/lidar_perception_pkg
[1.188s] creating /home/tu03/ros2_ws/build/lidar_perception_pkg/build/lib/lidar_perception_pkg/lib
[1.188s] copying lidar_perception_pkg/lib/__init__.py -> /home/tu03/ros2_ws/build/lidar_perception_pkg/build/lib/lidar_perception_pkg/lib
[1.188s] copying lidar_perception_pkg/lib/lidar_perception_func_lib.py -> /home/tu03/ros2_ws/build/lidar_perception_pkg/build/lib/lidar_perception_pkg/lib
[1.188s] running install
[1.188s] running install_lib
[1.189s] creating /home/tu03/ros2_ws/install/lidar_perception_pkg/lib/python3.10/site-packages/lidar_perception_pkg
[1.189s] copying /home/tu03/ros2_ws/build/lidar_perception_pkg/build/lib/lidar_perception_pkg/__init__.py -> /home/tu03/ros2_ws/install/lidar_perception_pkg/lib/python3.10/site-packages/lidar_perception_pkg
[1.189s] creating /home/tu03/ros2_ws/install/lidar_perception_pkg/lib/python3.10/site-packages/lidar_perception_pkg/lib
[1.189s] copying /home/tu03/ros2_ws/build/lidar_perception_pkg/build/lib/lidar_perception_pkg/lib/__init__.py -> /home/tu03/ros2_ws/install/lidar_perception_pkg/lib/python3.10/site-packages/lidar_perception_pkg/lib
[1.189s] copying /home/tu03/ros2_ws/build/lidar_perception_pkg/build/lib/lidar_perception_pkg/lib/lidar_perception_func_lib.py -> /home/tu03/ros2_ws/install/lidar_perception_pkg/lib/python3.10/site-packages/lidar_perception_pkg/lib
[1.189s] copying /home/tu03/ros2_ws/build/lidar_perception_pkg/build/lib/lidar_perception_pkg/lidar_obstacle_detector_node.py -> /home/tu03/ros2_ws/install/lidar_perception_pkg/lib/python3.10/site-packages/lidar_perception_pkg
[1.189s] copying /home/tu03/ros2_ws/build/lidar_perception_pkg/build/lib/lidar_perception_pkg/lidar_publisher_node.py -> /home/tu03/ros2_ws/install/lidar_perception_pkg/lib/python3.10/site-packages/lidar_perception_pkg
[1.189s] copying /home/tu03/ros2_ws/build/lidar_perception_pkg/build/lib/lidar_perception_pkg/lidar_processor_node.py -> /home/tu03/ros2_ws/install/lidar_perception_pkg/lib/python3.10/site-packages/lidar_perception_pkg
[1.190s] byte-compiling /home/tu03/ros2_ws/install/lidar_perception_pkg/lib/python3.10/site-packages/lidar_perception_pkg/__init__.py to __init__.cpython-310.pyc
[1.190s] byte-compiling /home/tu03/ros2_ws/install/lidar_perception_pkg/lib/python3.10/site-packages/lidar_perception_pkg/lib/__init__.py to __init__.cpython-310.pyc
[1.190s] byte-compiling /home/tu03/ros2_ws/install/lidar_perception_pkg/lib/python3.10/site-packages/lidar_perception_pkg/lib/lidar_perception_func_lib.py to lidar_perception_func_lib.cpython-310.pyc
[1.193s] byte-compiling /home/tu03/ros2_ws/install/lidar_perception_pkg/lib/python3.10/site-packages/lidar_perception_pkg/lidar_obstacle_detector_node.py to lidar_obstacle_detector_node.cpython-310.pyc
[1.193s] byte-compiling /home/tu03/ros2_ws/install/lidar_perception_pkg/lib/python3.10/site-packages/lidar_perception_pkg/lidar_publisher_node.py to lidar_publisher_node.cpython-310.pyc
[1.194s] byte-compiling /home/tu03/ros2_ws/install/lidar_perception_pkg/lib/python3.10/site-packages/lidar_perception_pkg/lidar_processor_node.py to lidar_processor_node.cpython-310.pyc
[1.194s] running install_data
[1.194s] copying resource/lidar_perception_pkg -> /home/tu03/ros2_ws/install/lidar_perception_pkg/share/ament_index/resource_index/packages
[1.194s] copying package.xml -> /home/tu03/ros2_ws/install/lidar_perception_pkg/share/lidar_perception_pkg
[1.194s] running install_egg_info
[1.196s] Copying ../../build/lidar_perception_pkg/lidar_perception_pkg.egg-info to /home/tu03/ros2_ws/install/lidar_perception_pkg/lib/python3.10/site-packages/lidar_perception_pkg-0.0.0-py3.10.egg-info
[1.197s] running install_scripts
[1.213s] Installing lidar_obstacle_detector_node script to /home/tu03/ros2_ws/install/lidar_perception_pkg/lib/lidar_perception_pkg
[1.213s] Installing lidar_processor_node script to /home/tu03/ros2_ws/install/lidar_perception_pkg/lib/lidar_perception_pkg
[1.213s] Installing lidar_publisher_node script to /home/tu03/ros2_ws/install/lidar_perception_pkg/lib/lidar_perception_pkg
[1.213s] writing list of installed files to '/home/tu03/ros2_ws/build/lidar_perception_pkg/install.log'
[1.233s] Invoked command in '/home/tu03/ros2_ws/src/lidar_perception_pkg' returned '0': PYTHONPATH=/home/tu03/ros2_ws/build/lidar_perception_pkg/prefix_override:/usr/lib/python3/dist-packages/colcon_core/task/python/colcon_distutils_commands:/home/tu03/ros2_ws/install/lidar_perception_pkg/lib/python3.10/site-packages:${PYTHONPATH} /usr/bin/python3 -W ignore:setup.py install is deprecated -W ignore:easy_install command is deprecated setup.py egg_info --egg-base ../../build/lidar_perception_pkg build --build-base /home/tu03/ros2_ws/build/lidar_perception_pkg/build install --record /home/tu03/ros2_ws/build/lidar_perception_pkg/install.log --single-version-externally-managed install_data --force
