[0.548s] Invoking command in '/home/tu03/ros2_ws/build/lidar_perception_pkg': PYTHONPATH=/home/tu03/ros2_ws/build/lidar_perception_pkg/prefix_override:/usr/lib/python3/dist-packages/colcon_core/task/python/colcon_distutils_commands:/home/tu03/ros2_ws/install/lidar_perception_pkg/lib/python3.10/site-packages:${PYTHONPATH} /usr/bin/python3 -W ignore:setup.py install is deprecated -W ignore:easy_install command is deprecated setup.py develop --editable --build-directory /home/tu03/ros2_ws/build/lidar_perception_pkg/build --no-deps symlink_data
[0.783s] running develop
[0.933s] running egg_info
[0.933s] creating lidar_perception_pkg.egg-info
[0.933s] writing lidar_perception_pkg.egg-info/PKG-INFO
[0.933s] writing dependency_links to lidar_perception_pkg.egg-info/dependency_links.txt
[0.933s] writing entry points to lidar_perception_pkg.egg-info/entry_points.txt
[0.933s] writing requirements to lidar_perception_pkg.egg-info/requires.txt
[0.934s] writing top-level names to lidar_perception_pkg.egg-info/top_level.txt
[0.934s] writing manifest file 'lidar_perception_pkg.egg-info/SOURCES.txt'
[0.936s] reading manifest file 'lidar_perception_pkg.egg-info/SOURCES.txt'
[0.937s] writing manifest file 'lidar_perception_pkg.egg-info/SOURCES.txt'
[0.939s] running build_ext
[0.939s] Creating /home/tu03/ros2_ws/install/lidar_perception_pkg/lib/python3.10/site-packages/lidar-perception-pkg.egg-link (link to .)
[0.940s] Installing lidar_obstacle_detector_node script to /home/tu03/ros2_ws/install/lidar_perception_pkg/lib/lidar_perception_pkg
[0.940s] Installing lidar_processor_node script to /home/tu03/ros2_ws/install/lidar_perception_pkg/lib/lidar_perception_pkg
[0.940s] Installing lidar_publisher_node script to /home/tu03/ros2_ws/install/lidar_perception_pkg/lib/lidar_perception_pkg
[0.941s] 
[0.941s] Installed /home/tu03/ros2_ws/build/lidar_perception_pkg
[0.941s] running symlink_data
[0.941s] creating /home/tu03/ros2_ws/install/lidar_perception_pkg/share/ament_index
[0.941s] creating /home/tu03/ros2_ws/install/lidar_perception_pkg/share/ament_index/resource_index
[0.941s] creating /home/tu03/ros2_ws/install/lidar_perception_pkg/share/ament_index/resource_index/packages
[0.941s] symbolically linking /home/tu03/ros2_ws/build/lidar_perception_pkg/resource/lidar_perception_pkg -> /home/tu03/ros2_ws/install/lidar_perception_pkg/share/ament_index/resource_index/packages
[0.941s] symbolically linking /home/tu03/ros2_ws/build/lidar_perception_pkg/package.xml -> /home/tu03/ros2_ws/install/lidar_perception_pkg/share/lidar_perception_pkg
[0.977s] Invoked command in '/home/tu03/ros2_ws/build/lidar_perception_pkg' returned '0': PYTHONPATH=/home/tu03/ros2_ws/build/lidar_perception_pkg/prefix_override:/usr/lib/python3/dist-packages/colcon_core/task/python/colcon_distutils_commands:/home/tu03/ros2_ws/install/lidar_perception_pkg/lib/python3.10/site-packages:${PYTHONPATH} /usr/bin/python3 -W ignore:setup.py install is deprecated -W ignore:easy_install command is deprecated setup.py develop --editable --build-directory /home/tu03/ros2_ws/build/lidar_perception_pkg/build --no-deps symlink_data
