[0.904s] Invoking command in '/home/tu03/ros2_ws/src/decision_making_pkg': PYTHONPATH=/home/tu03/ros2_ws/build/decision_making_pkg/prefix_override:/usr/lib/python3/dist-packages/colcon_core/task/python/colcon_distutils_commands:/home/tu03/ros2_ws/install/decision_making_pkg/lib/python3.10/site-packages:${PYTHONPATH} /usr/bin/python3 -W ignore:setup.py install is deprecated -W ignore:easy_install command is deprecated setup.py egg_info --egg-base ../../build/decision_making_pkg build --build-base /home/tu03/ros2_ws/build/decision_making_pkg/build install --record /home/tu03/ros2_ws/build/decision_making_pkg/install.log --single-version-externally-managed install_data
[2.605s] running egg_info
[2.607s] writing ../../build/decision_making_pkg/decision_making_pkg.egg-info/PKG-INFO
[2.607s] writing dependency_links to ../../build/decision_making_pkg/decision_making_pkg.egg-info/dependency_links.txt
[2.607s] writing entry points to ../../build/decision_making_pkg/decision_making_pkg.egg-info/entry_points.txt
[2.607s] writing requirements to ../../build/decision_making_pkg/decision_making_pkg.egg-info/requires.txt
[2.607s] writing top-level names to ../../build/decision_making_pkg/decision_making_pkg.egg-info/top_level.txt
[2.611s] reading manifest file '../../build/decision_making_pkg/decision_making_pkg.egg-info/SOURCES.txt'
[2.612s] writing manifest file '../../build/decision_making_pkg/decision_making_pkg.egg-info/SOURCES.txt'
[2.613s] running build
[2.613s] running build_py
[2.613s] copying decision_making_pkg/obstacle_motion_planner_node.py -> /home/tu03/ros2_ws/build/decision_making_pkg/build/lib/decision_making_pkg
[2.615s] running install
[2.617s] running install_lib
[2.621s] copying /home/tu03/ros2_ws/build/decision_making_pkg/build/lib/decision_making_pkg/obstacle_motion_planner_node.py -> /home/tu03/ros2_ws/install/decision_making_pkg/lib/python3.10/site-packages/decision_making_pkg
[2.626s] byte-compiling /home/tu03/ros2_ws/install/decision_making_pkg/lib/python3.10/site-packages/decision_making_pkg/obstacle_motion_planner_node.py to obstacle_motion_planner_node.cpython-310.pyc
[2.639s] running install_data
[2.640s] running install_egg_info
[2.651s] removing '/home/tu03/ros2_ws/install/decision_making_pkg/lib/python3.10/site-packages/decision_making_pkg-0.0.0-py3.10.egg-info' (and everything under it)
[2.653s] Copying ../../build/decision_making_pkg/decision_making_pkg.egg-info to /home/tu03/ros2_ws/install/decision_making_pkg/lib/python3.10/site-packages/decision_making_pkg-0.0.0-py3.10.egg-info
[2.659s] running install_scripts
[2.808s] Installing motion_planner_node script to /home/tu03/ros2_ws/install/decision_making_pkg/lib/decision_making_pkg
[2.809s] Installing obstacle_motion_planner_node script to /home/tu03/ros2_ws/install/decision_making_pkg/lib/decision_making_pkg
[2.810s] Installing path_planner_node script to /home/tu03/ros2_ws/install/decision_making_pkg/lib/decision_making_pkg
[2.813s] writing list of installed files to '/home/tu03/ros2_ws/build/decision_making_pkg/install.log'
[2.965s] Invoked command in '/home/tu03/ros2_ws/src/decision_making_pkg' returned '0': PYTHONPATH=/home/tu03/ros2_ws/build/decision_making_pkg/prefix_override:/usr/lib/python3/dist-packages/colcon_core/task/python/colcon_distutils_commands:/home/tu03/ros2_ws/install/decision_making_pkg/lib/python3.10/site-packages:${PYTHONPATH} /usr/bin/python3 -W ignore:setup.py install is deprecated -W ignore:easy_install command is deprecated setup.py egg_info --egg-base ../../build/decision_making_pkg build --build-base /home/tu03/ros2_ws/build/decision_making_pkg/build install --record /home/tu03/ros2_ws/build/decision_making_pkg/install.log --single-version-externally-managed install_data
