[1.409s] Invoking command in '/home/tu03/ros2_ws/src/camera_perception_pkg': PYTHONPATH=/home/tu03/ros2_ws/build/camera_perception_pkg/prefix_override:/usr/lib/python3/dist-packages/colcon_core/task/python/colcon_distutils_commands:/home/tu03/ros2_ws/install/camera_perception_pkg/lib/python3.10/site-packages:${PYTHONPATH} /usr/bin/python3 -W ignore:setup.py install is deprecated -W ignore:easy_install command is deprecated setup.py egg_info --egg-base ../../build/camera_perception_pkg build --build-base /home/tu03/ros2_ws/build/camera_perception_pkg/build install --record /home/tu03/ros2_ws/build/camera_perception_pkg/install.log --single-version-externally-managed install_data
[2.000s] running egg_info
[2.001s] writing ../../build/camera_perception_pkg/camera_perception_pkg.egg-info/PKG-INFO
[2.003s] writing dependency_links to ../../build/camera_perception_pkg/camera_perception_pkg.egg-info/dependency_links.txt
[2.003s] writing entry points to ../../build/camera_perception_pkg/camera_perception_pkg.egg-info/entry_points.txt
[2.004s] writing requirements to ../../build/camera_perception_pkg/camera_perception_pkg.egg-info/requires.txt
[2.005s] writing top-level names to ../../build/camera_perception_pkg/camera_perception_pkg.egg-info/top_level.txt
[2.006s] reading manifest file '../../build/camera_perception_pkg/camera_perception_pkg.egg-info/SOURCES.txt'
[2.008s] writing manifest file '../../build/camera_perception_pkg/camera_perception_pkg.egg-info/SOURCES.txt'
[2.009s] running build
[2.009s] running build_py
[2.010s] copying camera_perception_pkg/parking_car_detector_node.py -> /home/tu03/ros2_ws/build/camera_perception_pkg/build/lib/camera_perception_pkg
[2.010s] running install
[2.011s] running install_lib
[2.012s] copying /home/tu03/ros2_ws/build/camera_perception_pkg/build/lib/camera_perception_pkg/parking_car_detector_node.py -> /home/tu03/ros2_ws/install/camera_perception_pkg/lib/python3.10/site-packages/camera_perception_pkg
[2.013s] byte-compiling /home/tu03/ros2_ws/install/camera_perception_pkg/lib/python3.10/site-packages/camera_perception_pkg/parking_car_detector_node.py to parking_car_detector_node.cpython-310.pyc
[2.016s] running install_data
[2.018s] running install_egg_info
[2.020s] removing '/home/tu03/ros2_ws/install/camera_perception_pkg/lib/python3.10/site-packages/camera_perception_pkg-0.0.0-py3.10.egg-info' (and everything under it)
[2.021s] Copying ../../build/camera_perception_pkg/camera_perception_pkg.egg-info to /home/tu03/ros2_ws/install/camera_perception_pkg/lib/python3.10/site-packages/camera_perception_pkg-0.0.0-py3.10.egg-info
[2.022s] running install_scripts
[2.064s] Installing car_detector_node script to /home/tu03/ros2_ws/install/camera_perception_pkg/lib/camera_perception_pkg
[2.064s] Installing image_publisher_node script to /home/tu03/ros2_ws/install/camera_perception_pkg/lib/camera_perception_pkg
[2.065s] Installing lane_info_extractor_node script to /home/tu03/ros2_ws/install/camera_perception_pkg/lib/camera_perception_pkg
[2.066s] Installing parking_car_detector_node script to /home/tu03/ros2_ws/install/camera_perception_pkg/lib/camera_perception_pkg
[2.066s] Installing traffic_light_detector_node script to /home/tu03/ros2_ws/install/camera_perception_pkg/lib/camera_perception_pkg
[2.067s] Installing yolov8_node script to /home/tu03/ros2_ws/install/camera_perception_pkg/lib/camera_perception_pkg
[2.067s] writing list of installed files to '/home/tu03/ros2_ws/build/camera_perception_pkg/install.log'
[2.111s] Invoked command in '/home/tu03/ros2_ws/src/camera_perception_pkg' returned '0': PYTHONPATH=/home/tu03/ros2_ws/build/camera_perception_pkg/prefix_override:/usr/lib/python3/dist-packages/colcon_core/task/python/colcon_distutils_commands:/home/tu03/ros2_ws/install/camera_perception_pkg/lib/python3.10/site-packages:${PYTHONPATH} /usr/bin/python3 -W ignore:setup.py install is deprecated -W ignore:easy_install command is deprecated setup.py egg_info --egg-base ../../build/camera_perception_pkg build --build-base /home/tu03/ros2_ws/build/camera_perception_pkg/build install --record /home/tu03/ros2_ws/build/camera_perception_pkg/install.log --single-version-externally-managed install_data
