[0.579s] Invoking command in '/home/tu03/ros2_ws/build/serial_communication_pkg': PYTHONPATH=/home/tu03/ros2_ws/build/serial_communication_pkg/prefix_override:/usr/lib/python3/dist-packages/colcon_core/task/python/colcon_distutils_commands:/home/tu03/ros2_ws/install/serial_communication_pkg/lib/python3.10/site-packages:${PYTHONPATH} /usr/bin/python3 -W ignore:setup.py install is deprecated -W ignore:easy_install command is deprecated setup.py develop --uninstall --editable --build-directory /home/tu03/ros2_ws/build/serial_communication_pkg/build
[0.822s] running develop
[0.977s] Removing /home/tu03/ros2_ws/install/serial_communication_pkg/lib/python3.10/site-packages/serial-communication-pkg.egg-link (link to .)
[1.002s] Invoked command in '/home/tu03/ros2_ws/build/serial_communication_pkg' returned '0': PYTHONPATH=/home/tu03/ros2_ws/build/serial_communication_pkg/prefix_override:/usr/lib/python3/dist-packages/colcon_core/task/python/colcon_distutils_commands:/home/tu03/ros2_ws/install/serial_communication_pkg/lib/python3.10/site-packages:${PYTHONPATH} /usr/bin/python3 -W ignore:setup.py install is deprecated -W ignore:easy_install command is deprecated setup.py develop --uninstall --editable --build-directory /home/tu03/ros2_ws/build/serial_communication_pkg/build
[1.003s] Invoking command in '/home/tu03/ros2_ws/src/serial_communication_pkg': PYTHONPATH=/home/tu03/ros2_ws/build/serial_communication_pkg/prefix_override:/usr/lib/python3/dist-packages/colcon_core/task/python/colcon_distutils_commands:/home/tu03/ros2_ws/install/serial_communication_pkg/lib/python3.10/site-packages:${PYTHONPATH} /usr/bin/python3 -W ignore:setup.py install is deprecated -W ignore:easy_install command is deprecated setup.py egg_info --egg-base ../../build/serial_communication_pkg build --build-base /home/tu03/ros2_ws/build/serial_communication_pkg/build install --record /home/tu03/ros2_ws/build/serial_communication_pkg/install.log --single-version-externally-managed install_data --force
[1.224s] running egg_info
[1.225s] writing ../../build/serial_communication_pkg/serial_communication_pkg.egg-info/PKG-INFO
[1.225s] writing dependency_links to ../../build/serial_communication_pkg/serial_communication_pkg.egg-info/dependency_links.txt
[1.225s] writing entry points to ../../build/serial_communication_pkg/serial_communication_pkg.egg-info/entry_points.txt
[1.225s] writing requirements to ../../build/serial_communication_pkg/serial_communication_pkg.egg-info/requires.txt
[1.225s] writing top-level names to ../../build/serial_communication_pkg/serial_communication_pkg.egg-info/top_level.txt
[1.226s] reading manifest file '../../build/serial_communication_pkg/serial_communication_pkg.egg-info/SOURCES.txt'
[1.235s] writing manifest file '../../build/serial_communication_pkg/serial_communication_pkg.egg-info/SOURCES.txt'
[1.235s] running build
[1.235s] running build_py
[1.235s] creating /home/tu03/ros2_ws/build/serial_communication_pkg/build
[1.235s] creating /home/tu03/ros2_ws/build/serial_communication_pkg/build/lib
[1.235s] creating /home/tu03/ros2_ws/build/serial_communication_pkg/build/lib/serial_communication_pkg
[1.236s] copying serial_communication_pkg/__init__.py -> /home/tu03/ros2_ws/build/serial_communication_pkg/build/lib/serial_communication_pkg
[1.236s] copying serial_communication_pkg/serial_sender_node.py -> /home/tu03/ros2_ws/build/serial_communication_pkg/build/lib/serial_communication_pkg
[1.236s] creating /home/tu03/ros2_ws/build/serial_communication_pkg/build/lib/serial_communication_pkg/lib
[1.236s] copying serial_communication_pkg/lib/__init__.py -> /home/tu03/ros2_ws/build/serial_communication_pkg/build/lib/serial_communication_pkg/lib
[1.236s] copying serial_communication_pkg/lib/protocol_convert_func_lib.py -> /home/tu03/ros2_ws/build/serial_communication_pkg/build/lib/serial_communication_pkg/lib
[1.236s] running install
[1.236s] running install_lib
[1.237s] creating /home/tu03/ros2_ws/install/serial_communication_pkg/lib/python3.10/site-packages/serial_communication_pkg
[1.237s] copying /home/tu03/ros2_ws/build/serial_communication_pkg/build/lib/serial_communication_pkg/__init__.py -> /home/tu03/ros2_ws/install/serial_communication_pkg/lib/python3.10/site-packages/serial_communication_pkg
[1.237s] creating /home/tu03/ros2_ws/install/serial_communication_pkg/lib/python3.10/site-packages/serial_communication_pkg/lib
[1.237s] copying /home/tu03/ros2_ws/build/serial_communication_pkg/build/lib/serial_communication_pkg/lib/__init__.py -> /home/tu03/ros2_ws/install/serial_communication_pkg/lib/python3.10/site-packages/serial_communication_pkg/lib
[1.237s] copying /home/tu03/ros2_ws/build/serial_communication_pkg/build/lib/serial_communication_pkg/lib/protocol_convert_func_lib.py -> /home/tu03/ros2_ws/install/serial_communication_pkg/lib/python3.10/site-packages/serial_communication_pkg/lib
[1.237s] copying /home/tu03/ros2_ws/build/serial_communication_pkg/build/lib/serial_communication_pkg/serial_sender_node.py -> /home/tu03/ros2_ws/install/serial_communication_pkg/lib/python3.10/site-packages/serial_communication_pkg
[1.238s] byte-compiling /home/tu03/ros2_ws/install/serial_communication_pkg/lib/python3.10/site-packages/serial_communication_pkg/__init__.py to __init__.cpython-310.pyc
[1.238s] byte-compiling /home/tu03/ros2_ws/install/serial_communication_pkg/lib/python3.10/site-packages/serial_communication_pkg/lib/__init__.py to __init__.cpython-310.pyc
[1.238s] byte-compiling /home/tu03/ros2_ws/install/serial_communication_pkg/lib/python3.10/site-packages/serial_communication_pkg/lib/protocol_convert_func_lib.py to protocol_convert_func_lib.cpython-310.pyc
[1.238s] byte-compiling /home/tu03/ros2_ws/install/serial_communication_pkg/lib/python3.10/site-packages/serial_communication_pkg/serial_sender_node.py to serial_sender_node.cpython-310.pyc
[1.239s] running install_data
[1.239s] copying resource/serial_communication_pkg -> /home/tu03/ros2_ws/install/serial_communication_pkg/share/ament_index/resource_index/packages
[1.239s] copying package.xml -> /home/tu03/ros2_ws/install/serial_communication_pkg/share/serial_communication_pkg
[1.239s] running install_egg_info
[1.240s] Copying ../../build/serial_communication_pkg/serial_communication_pkg.egg-info to /home/tu03/ros2_ws/install/serial_communication_pkg/lib/python3.10/site-packages/serial_communication_pkg-0.0.0-py3.10.egg-info
[1.241s] running install_scripts
[1.258s] Installing serial_sender_node script to /home/tu03/ros2_ws/install/serial_communication_pkg/lib/serial_communication_pkg
[1.258s] writing list of installed files to '/home/tu03/ros2_ws/build/serial_communication_pkg/install.log'
[1.278s] Invoked command in '/home/tu03/ros2_ws/src/serial_communication_pkg' returned '0': PYTHONPATH=/home/tu03/ros2_ws/build/serial_communication_pkg/prefix_override:/usr/lib/python3/dist-packages/colcon_core/task/python/colcon_distutils_commands:/home/tu03/ros2_ws/install/serial_communication_pkg/lib/python3.10/site-packages:${PYTHONPATH} /usr/bin/python3 -W ignore:setup.py install is deprecated -W ignore:easy_install command is deprecated setup.py egg_info --egg-base ../../build/serial_communication_pkg build --build-base /home/tu03/ros2_ws/build/serial_communication_pkg/build install --record /home/tu03/ros2_ws/build/serial_communication_pkg/install.log --single-version-externally-managed install_data --force
