[0.535s] Invoking command in '/home/tu03/ros2_ws/build/camera_perception_pkg': PYTHONPATH=/home/tu03/ros2_ws/build/camera_perception_pkg/prefix_override:/usr/lib/python3/dist-packages/colcon_core/task/python/colcon_distutils_commands:/home/tu03/ros2_ws/install/camera_perception_pkg/lib/python3.10/site-packages:${PYTHONPATH} /usr/bin/python3 -W ignore:setup.py install is deprecated -W ignore:easy_install command is deprecated setup.py develop --uninstall --editable --build-directory /home/tu03/ros2_ws/build/camera_perception_pkg/build
[0.768s] running develop
[0.909s] Removing /home/tu03/ros2_ws/install/camera_perception_pkg/lib/python3.10/site-packages/camera-perception-pkg.egg-link (link to .)
[0.932s] Invoked command in '/home/tu03/ros2_ws/build/camera_perception_pkg' returned '0': PYTHONPATH=/home/tu03/ros2_ws/build/camera_perception_pkg/prefix_override:/usr/lib/python3/dist-packages/colcon_core/task/python/colcon_distutils_commands:/home/tu03/ros2_ws/install/camera_perception_pkg/lib/python3.10/site-packages:${PYTHONPATH} /usr/bin/python3 -W ignore:setup.py install is deprecated -W ignore:easy_install command is deprecated setup.py develop --uninstall --editable --build-directory /home/tu03/ros2_ws/build/camera_perception_pkg/build
[0.934s] Invoking command in '/home/tu03/ros2_ws/src/camera_perception_pkg': PYTHONPATH=/home/tu03/ros2_ws/build/camera_perception_pkg/prefix_override:/usr/lib/python3/dist-packages/colcon_core/task/python/colcon_distutils_commands:/home/tu03/ros2_ws/install/camera_perception_pkg/lib/python3.10/site-packages:${PYTHONPATH} /usr/bin/python3 -W ignore:setup.py install is deprecated -W ignore:easy_install command is deprecated setup.py egg_info --egg-base ../../build/camera_perception_pkg build --build-base /home/tu03/ros2_ws/build/camera_perception_pkg/build install --record /home/tu03/ros2_ws/build/camera_perception_pkg/install.log --single-version-externally-managed install_data --force
[1.151s] running egg_info
[1.152s] writing ../../build/camera_perception_pkg/camera_perception_pkg.egg-info/PKG-INFO
[1.152s] writing dependency_links to ../../build/camera_perception_pkg/camera_perception_pkg.egg-info/dependency_links.txt
[1.152s] writing entry points to ../../build/camera_perception_pkg/camera_perception_pkg.egg-info/entry_points.txt
[1.152s] writing requirements to ../../build/camera_perception_pkg/camera_perception_pkg.egg-info/requires.txt
[1.152s] writing top-level names to ../../build/camera_perception_pkg/camera_perception_pkg.egg-info/top_level.txt
[1.154s] reading manifest file '../../build/camera_perception_pkg/camera_perception_pkg.egg-info/SOURCES.txt'
[1.154s] writing manifest file '../../build/camera_perception_pkg/camera_perception_pkg.egg-info/SOURCES.txt'
[1.154s] running build
[1.155s] running build_py
[1.155s] creating /home/tu03/ros2_ws/build/camera_perception_pkg/build
[1.155s] creating /home/tu03/ros2_ws/build/camera_perception_pkg/build/lib
[1.155s] creating /home/tu03/ros2_ws/build/camera_perception_pkg/build/lib/camera_perception_pkg
[1.155s] copying camera_perception_pkg/__init__.py -> /home/tu03/ros2_ws/build/camera_perception_pkg/build/lib/camera_perception_pkg
[1.155s] copying camera_perception_pkg/image_publisher_node.py -> /home/tu03/ros2_ws/build/camera_perception_pkg/build/lib/camera_perception_pkg
[1.155s] copying camera_perception_pkg/car_detector_node.py -> /home/tu03/ros2_ws/build/camera_perception_pkg/build/lib/camera_perception_pkg
[1.155s] copying camera_perception_pkg/traffic_light_detector_node.py -> /home/tu03/ros2_ws/build/camera_perception_pkg/build/lib/camera_perception_pkg
[1.155s] copying camera_perception_pkg/lane_info_extractor_node.py -> /home/tu03/ros2_ws/build/camera_perception_pkg/build/lib/camera_perception_pkg
[1.155s] copying camera_perception_pkg/yolov8_node.py -> /home/tu03/ros2_ws/build/camera_perception_pkg/build/lib/camera_perception_pkg
[1.155s] creating /home/tu03/ros2_ws/build/camera_perception_pkg/build/lib/camera_perception_pkg/lib
[1.155s] copying camera_perception_pkg/lib/__init__.py -> /home/tu03/ros2_ws/build/camera_perception_pkg/build/lib/camera_perception_pkg/lib
[1.155s] copying camera_perception_pkg/lib/camera_perception_func_lib.py -> /home/tu03/ros2_ws/build/camera_perception_pkg/build/lib/camera_perception_pkg/lib
[1.155s] running install
[1.156s] running install_lib
[1.156s] creating /home/tu03/ros2_ws/install/camera_perception_pkg/lib/python3.10/site-packages/camera_perception_pkg
[1.156s] copying /home/tu03/ros2_ws/build/camera_perception_pkg/build/lib/camera_perception_pkg/__init__.py -> /home/tu03/ros2_ws/install/camera_perception_pkg/lib/python3.10/site-packages/camera_perception_pkg
[1.156s] copying /home/tu03/ros2_ws/build/camera_perception_pkg/build/lib/camera_perception_pkg/image_publisher_node.py -> /home/tu03/ros2_ws/install/camera_perception_pkg/lib/python3.10/site-packages/camera_perception_pkg
[1.156s] creating /home/tu03/ros2_ws/install/camera_perception_pkg/lib/python3.10/site-packages/camera_perception_pkg/lib
[1.156s] copying /home/tu03/ros2_ws/build/camera_perception_pkg/build/lib/camera_perception_pkg/lib/__init__.py -> /home/tu03/ros2_ws/install/camera_perception_pkg/lib/python3.10/site-packages/camera_perception_pkg/lib
[1.157s] copying /home/tu03/ros2_ws/build/camera_perception_pkg/build/lib/camera_perception_pkg/lib/camera_perception_func_lib.py -> /home/tu03/ros2_ws/install/camera_perception_pkg/lib/python3.10/site-packages/camera_perception_pkg/lib
[1.157s] copying /home/tu03/ros2_ws/build/camera_perception_pkg/build/lib/camera_perception_pkg/car_detector_node.py -> /home/tu03/ros2_ws/install/camera_perception_pkg/lib/python3.10/site-packages/camera_perception_pkg
[1.157s] copying /home/tu03/ros2_ws/build/camera_perception_pkg/build/lib/camera_perception_pkg/traffic_light_detector_node.py -> /home/tu03/ros2_ws/install/camera_perception_pkg/lib/python3.10/site-packages/camera_perception_pkg
[1.157s] copying /home/tu03/ros2_ws/build/camera_perception_pkg/build/lib/camera_perception_pkg/lane_info_extractor_node.py -> /home/tu03/ros2_ws/install/camera_perception_pkg/lib/python3.10/site-packages/camera_perception_pkg
[1.157s] copying /home/tu03/ros2_ws/build/camera_perception_pkg/build/lib/camera_perception_pkg/yolov8_node.py -> /home/tu03/ros2_ws/install/camera_perception_pkg/lib/python3.10/site-packages/camera_perception_pkg
[1.157s] byte-compiling /home/tu03/ros2_ws/install/camera_perception_pkg/lib/python3.10/site-packages/camera_perception_pkg/__init__.py to __init__.cpython-310.pyc
[1.157s] byte-compiling /home/tu03/ros2_ws/install/camera_perception_pkg/lib/python3.10/site-packages/camera_perception_pkg/image_publisher_node.py to image_publisher_node.cpython-310.pyc
[1.158s] byte-compiling /home/tu03/ros2_ws/install/camera_perception_pkg/lib/python3.10/site-packages/camera_perception_pkg/lib/__init__.py to __init__.cpython-310.pyc
[1.159s] byte-compiling /home/tu03/ros2_ws/install/camera_perception_pkg/lib/python3.10/site-packages/camera_perception_pkg/lib/camera_perception_func_lib.py to camera_perception_func_lib.cpython-310.pyc
[1.160s] byte-compiling /home/tu03/ros2_ws/install/camera_perception_pkg/lib/python3.10/site-packages/camera_perception_pkg/car_detector_node.py to car_detector_node.cpython-310.pyc
[1.161s] byte-compiling /home/tu03/ros2_ws/install/camera_perception_pkg/lib/python3.10/site-packages/camera_perception_pkg/traffic_light_detector_node.py to traffic_light_detector_node.cpython-310.pyc
[1.161s] byte-compiling /home/tu03/ros2_ws/install/camera_perception_pkg/lib/python3.10/site-packages/camera_perception_pkg/lane_info_extractor_node.py to lane_info_extractor_node.cpython-310.pyc
[1.162s] byte-compiling /home/tu03/ros2_ws/install/camera_perception_pkg/lib/python3.10/site-packages/camera_perception_pkg/yolov8_node.py to yolov8_node.cpython-310.pyc
[1.163s] running install_data
[1.163s] copying resource/camera_perception_pkg -> /home/tu03/ros2_ws/install/camera_perception_pkg/share/ament_index/resource_index/packages
[1.163s] copying package.xml -> /home/tu03/ros2_ws/install/camera_perception_pkg/share/camera_perception_pkg
[1.163s] running install_egg_info
[1.165s] Copying ../../build/camera_perception_pkg/camera_perception_pkg.egg-info to /home/tu03/ros2_ws/install/camera_perception_pkg/lib/python3.10/site-packages/camera_perception_pkg-0.0.0-py3.10.egg-info
[1.165s] running install_scripts
[1.181s] Installing car_detector_node script to /home/tu03/ros2_ws/install/camera_perception_pkg/lib/camera_perception_pkg
[1.181s] Installing image_publisher_node script to /home/tu03/ros2_ws/install/camera_perception_pkg/lib/camera_perception_pkg
[1.181s] Installing lane_info_extractor_node script to /home/tu03/ros2_ws/install/camera_perception_pkg/lib/camera_perception_pkg
[1.181s] Installing traffic_light_detector_node script to /home/tu03/ros2_ws/install/camera_perception_pkg/lib/camera_perception_pkg
[1.182s] Installing yolov8_node script to /home/tu03/ros2_ws/install/camera_perception_pkg/lib/camera_perception_pkg
[1.182s] writing list of installed files to '/home/tu03/ros2_ws/build/camera_perception_pkg/install.log'
[1.202s] Invoked command in '/home/tu03/ros2_ws/src/camera_perception_pkg' returned '0': PYTHONPATH=/home/tu03/ros2_ws/build/camera_perception_pkg/prefix_override:/usr/lib/python3/dist-packages/colcon_core/task/python/colcon_distutils_commands:/home/tu03/ros2_ws/install/camera_perception_pkg/lib/python3.10/site-packages:${PYTHONPATH} /usr/bin/python3 -W ignore:setup.py install is deprecated -W ignore:easy_install command is deprecated setup.py egg_info --egg-base ../../build/camera_perception_pkg build --build-base /home/tu03/ros2_ws/build/camera_perception_pkg/build install --record /home/tu03/ros2_ws/build/camera_perception_pkg/install.log --single-version-externally-managed install_data --force
