[4.178s] Invoking command in '/home/tu03/ros2_ws/src/camera_perception_pkg': PYTHONPATH=/home/tu03/ros2_ws/build/camera_perception_pkg/prefix_override:/usr/lib/python3/dist-packages/colcon_core/task/python/colcon_distutils_commands:/home/tu03/ros2_ws/install/camera_perception_pkg/lib/python3.10/site-packages:${PYTHONPATH} /usr/bin/python3 -W ignore:setup.py install is deprecated -W ignore:easy_install command is deprecated setup.py egg_info --egg-base ../../build/camera_perception_pkg build --build-base /home/tu03/ros2_ws/build/camera_perception_pkg/build install --record /home/tu03/ros2_ws/build/camera_perception_pkg/install.log --single-version-externally-managed install_data
[6.357s] running egg_info
[6.362s] writing ../../build/camera_perception_pkg/camera_perception_pkg.egg-info/PKG-INFO
[6.363s] writing dependency_links to ../../build/camera_perception_pkg/camera_perception_pkg.egg-info/dependency_links.txt
[6.365s] writing entry points to ../../build/camera_perception_pkg/camera_perception_pkg.egg-info/entry_points.txt
[6.366s] writing requirements to ../../build/camera_perception_pkg/camera_perception_pkg.egg-info/requires.txt
[6.367s] writing top-level names to ../../build/camera_perception_pkg/camera_perception_pkg.egg-info/top_level.txt
[6.381s] reading manifest file '../../build/camera_perception_pkg/camera_perception_pkg.egg-info/SOURCES.txt'
[6.388s] writing manifest file '../../build/camera_perception_pkg/camera_perception_pkg.egg-info/SOURCES.txt'
[6.389s] running build
[6.390s] running build_py
[6.395s] running install
[6.397s] running install_lib
[6.409s] running install_data
[6.410s] running install_egg_info
[6.423s] removing '/home/tu03/ros2_ws/install/camera_perception_pkg/lib/python3.10/site-packages/camera_perception_pkg-0.0.0-py3.10.egg-info' (and everything under it)
[6.426s] Copying ../../build/camera_perception_pkg/camera_perception_pkg.egg-info to /home/tu03/ros2_ws/install/camera_perception_pkg/lib/python3.10/site-packages/camera_perception_pkg-0.0.0-py3.10.egg-info
[6.433s] running install_scripts
[6.583s] Installing car_detector_node script to /home/tu03/ros2_ws/install/camera_perception_pkg/lib/camera_perception_pkg
[6.584s] Installing image_publisher_node script to /home/tu03/ros2_ws/install/camera_perception_pkg/lib/camera_perception_pkg
[6.585s] Installing lane_info_extractor_node script to /home/tu03/ros2_ws/install/camera_perception_pkg/lib/camera_perception_pkg
[6.594s] Installing parking_car_detector_node script to /home/tu03/ros2_ws/install/camera_perception_pkg/lib/camera_perception_pkg
[6.595s] Installing traffic_light_detector_node script to /home/tu03/ros2_ws/install/camera_perception_pkg/lib/camera_perception_pkg
[6.595s] Installing yolov8_node script to /home/tu03/ros2_ws/install/camera_perception_pkg/lib/camera_perception_pkg
[6.599s] writing list of installed files to '/home/tu03/ros2_ws/build/camera_perception_pkg/install.log'
[6.745s] Invoked command in '/home/tu03/ros2_ws/src/camera_perception_pkg' returned '0': PYTHONPATH=/home/tu03/ros2_ws/build/camera_perception_pkg/prefix_override:/usr/lib/python3/dist-packages/colcon_core/task/python/colcon_distutils_commands:/home/tu03/ros2_ws/install/camera_perception_pkg/lib/python3.10/site-packages:${PYTHONPATH} /usr/bin/python3 -W ignore:setup.py install is deprecated -W ignore:easy_install command is deprecated setup.py egg_info --egg-base ../../build/camera_perception_pkg build --build-base /home/tu03/ros2_ws/build/camera_perception_pkg/build install --record /home/tu03/ros2_ws/build/camera_perception_pkg/install.log --single-version-externally-managed install_data
