[0.602s] Invoking command in '/home/tu03/ros2_ws/build/decision_making_pkg': PYTHONPATH=/home/tu03/ros2_ws/build/decision_making_pkg/prefix_override:/usr/lib/python3/dist-packages/colcon_core/task/python/colcon_distutils_commands:/home/tu03/ros2_ws/install/decision_making_pkg/lib/python3.10/site-packages:${PYTHONPATH} /usr/bin/python3 -W ignore:setup.py install is deprecated -W ignore:easy_install command is deprecated setup.py develop --uninstall --editable --build-directory /home/tu03/ros2_ws/build/decision_making_pkg/build
[0.856s] running develop
[1.017s] Removing /home/tu03/ros2_ws/install/decision_making_pkg/lib/python3.10/site-packages/decision-making-pkg.egg-link (link to .)
[1.039s] Invoked command in '/home/tu03/ros2_ws/build/decision_making_pkg' returned '0': PYTHONPATH=/home/tu03/ros2_ws/build/decision_making_pkg/prefix_override:/usr/lib/python3/dist-packages/colcon_core/task/python/colcon_distutils_commands:/home/tu03/ros2_ws/install/decision_making_pkg/lib/python3.10/site-packages:${PYTHONPATH} /usr/bin/python3 -W ignore:setup.py install is deprecated -W ignore:easy_install command is deprecated setup.py develop --uninstall --editable --build-directory /home/tu03/ros2_ws/build/decision_making_pkg/build
[1.040s] Invoking command in '/home/tu03/ros2_ws/src/decision_making_pkg': PYTHONPATH=/home/tu03/ros2_ws/build/decision_making_pkg/prefix_override:/usr/lib/python3/dist-packages/colcon_core/task/python/colcon_distutils_commands:/home/tu03/ros2_ws/install/decision_making_pkg/lib/python3.10/site-packages:${PYTHONPATH} /usr/bin/python3 -W ignore:setup.py install is deprecated -W ignore:easy_install command is deprecated setup.py egg_info --egg-base ../../build/decision_making_pkg build --build-base /home/tu03/ros2_ws/build/decision_making_pkg/build install --record /home/tu03/ros2_ws/build/decision_making_pkg/install.log --single-version-externally-managed install_data --force
[1.280s] running egg_info
[1.280s] writing ../../build/decision_making_pkg/decision_making_pkg.egg-info/PKG-INFO
[1.281s] writing dependency_links to ../../build/decision_making_pkg/decision_making_pkg.egg-info/dependency_links.txt
[1.281s] writing entry points to ../../build/decision_making_pkg/decision_making_pkg.egg-info/entry_points.txt
[1.281s] writing requirements to ../../build/decision_making_pkg/decision_making_pkg.egg-info/requires.txt
[1.281s] writing top-level names to ../../build/decision_making_pkg/decision_making_pkg.egg-info/top_level.txt
[1.283s] reading manifest file '../../build/decision_making_pkg/decision_making_pkg.egg-info/SOURCES.txt'
[1.291s] writing manifest file '../../build/decision_making_pkg/decision_making_pkg.egg-info/SOURCES.txt'
[1.291s] running build
[1.291s] running build_py
[1.291s] creating /home/tu03/ros2_ws/build/decision_making_pkg/build
[1.291s] creating /home/tu03/ros2_ws/build/decision_making_pkg/build/lib
[1.291s] creating /home/tu03/ros2_ws/build/decision_making_pkg/build/lib/decision_making_pkg
[1.291s] copying decision_making_pkg/__init__.py -> /home/tu03/ros2_ws/build/decision_making_pkg/build/lib/decision_making_pkg
[1.291s] copying decision_making_pkg/path_planner_node.py -> /home/tu03/ros2_ws/build/decision_making_pkg/build/lib/decision_making_pkg
[1.292s] copying decision_making_pkg/motion_planner_node.py -> /home/tu03/ros2_ws/build/decision_making_pkg/build/lib/decision_making_pkg
[1.292s] creating /home/tu03/ros2_ws/build/decision_making_pkg/build/lib/decision_making_pkg/lib
[1.292s] copying decision_making_pkg/lib/__init__.py -> /home/tu03/ros2_ws/build/decision_making_pkg/build/lib/decision_making_pkg/lib
[1.292s] copying decision_making_pkg/lib/decision_making_function_lib.py -> /home/tu03/ros2_ws/build/decision_making_pkg/build/lib/decision_making_pkg/lib
[1.292s] running install
[1.292s] running install_lib
[1.293s] creating /home/tu03/ros2_ws/install/decision_making_pkg/lib/python3.10/site-packages/decision_making_pkg
[1.293s] copying /home/tu03/ros2_ws/build/decision_making_pkg/build/lib/decision_making_pkg/__init__.py -> /home/tu03/ros2_ws/install/decision_making_pkg/lib/python3.10/site-packages/decision_making_pkg
[1.293s] creating /home/tu03/ros2_ws/install/decision_making_pkg/lib/python3.10/site-packages/decision_making_pkg/lib
[1.293s] copying /home/tu03/ros2_ws/build/decision_making_pkg/build/lib/decision_making_pkg/lib/__init__.py -> /home/tu03/ros2_ws/install/decision_making_pkg/lib/python3.10/site-packages/decision_making_pkg/lib
[1.293s] copying /home/tu03/ros2_ws/build/decision_making_pkg/build/lib/decision_making_pkg/lib/decision_making_function_lib.py -> /home/tu03/ros2_ws/install/decision_making_pkg/lib/python3.10/site-packages/decision_making_pkg/lib
[1.293s] copying /home/tu03/ros2_ws/build/decision_making_pkg/build/lib/decision_making_pkg/path_planner_node.py -> /home/tu03/ros2_ws/install/decision_making_pkg/lib/python3.10/site-packages/decision_making_pkg
[1.293s] copying /home/tu03/ros2_ws/build/decision_making_pkg/build/lib/decision_making_pkg/motion_planner_node.py -> /home/tu03/ros2_ws/install/decision_making_pkg/lib/python3.10/site-packages/decision_making_pkg
[1.294s] byte-compiling /home/tu03/ros2_ws/install/decision_making_pkg/lib/python3.10/site-packages/decision_making_pkg/__init__.py to __init__.cpython-310.pyc
[1.294s] byte-compiling /home/tu03/ros2_ws/install/decision_making_pkg/lib/python3.10/site-packages/decision_making_pkg/lib/__init__.py to __init__.cpython-310.pyc
[1.294s] byte-compiling /home/tu03/ros2_ws/install/decision_making_pkg/lib/python3.10/site-packages/decision_making_pkg/lib/decision_making_function_lib.py to decision_making_function_lib.cpython-310.pyc
[1.294s] byte-compiling /home/tu03/ros2_ws/install/decision_making_pkg/lib/python3.10/site-packages/decision_making_pkg/path_planner_node.py to path_planner_node.cpython-310.pyc
[1.295s] byte-compiling /home/tu03/ros2_ws/install/decision_making_pkg/lib/python3.10/site-packages/decision_making_pkg/motion_planner_node.py to motion_planner_node.cpython-310.pyc
[1.296s] running install_data
[1.296s] copying resource/decision_making_pkg -> /home/tu03/ros2_ws/install/decision_making_pkg/share/ament_index/resource_index/packages
[1.296s] copying package.xml -> /home/tu03/ros2_ws/install/decision_making_pkg/share/decision_making_pkg
[1.296s] running install_egg_info
[1.298s] Copying ../../build/decision_making_pkg/decision_making_pkg.egg-info to /home/tu03/ros2_ws/install/decision_making_pkg/lib/python3.10/site-packages/decision_making_pkg-0.0.0-py3.10.egg-info
[1.299s] running install_scripts
[1.315s] Installing motion_planner_node script to /home/tu03/ros2_ws/install/decision_making_pkg/lib/decision_making_pkg
[1.316s] Installing path_planner_node script to /home/tu03/ros2_ws/install/decision_making_pkg/lib/decision_making_pkg
[1.316s] writing list of installed files to '/home/tu03/ros2_ws/build/decision_making_pkg/install.log'
[1.337s] Invoked command in '/home/tu03/ros2_ws/src/decision_making_pkg' returned '0': PYTHONPATH=/home/tu03/ros2_ws/build/decision_making_pkg/prefix_override:/usr/lib/python3/dist-packages/colcon_core/task/python/colcon_distutils_commands:/home/tu03/ros2_ws/install/decision_making_pkg/lib/python3.10/site-packages:${PYTHONPATH} /usr/bin/python3 -W ignore:setup.py install is deprecated -W ignore:easy_install command is deprecated setup.py egg_info --egg-base ../../build/decision_making_pkg build --build-base /home/tu03/ros2_ws/build/decision_making_pkg/build install --record /home/tu03/ros2_ws/build/decision_making_pkg/install.log --single-version-externally-managed install_data --force
