running egg_info
writing ../../build/serial_communication_pkg/serial_communication_pkg.egg-info/PKG-INFO
writing dependency_links to ../../build/serial_communication_pkg/serial_communication_pkg.egg-info/dependency_links.txt
writing entry points to ../../build/serial_communication_pkg/serial_communication_pkg.egg-info/entry_points.txt
writing requirements to ../../build/serial_communication_pkg/serial_communication_pkg.egg-info/requires.txt
writing top-level names to ../../build/serial_communication_pkg/serial_communication_pkg.egg-info/top_level.txt
reading manifest file '../../build/serial_communication_pkg/serial_communication_pkg.egg-info/SOURCES.txt'
writing manifest file '../../build/serial_communication_pkg/serial_communication_pkg.egg-info/SOURCES.txt'
running build
running build_py
copying serial_communication_pkg/parking_serial_sender_node.py -> /home/tu03/ros2_ws/build/serial_communication_pkg/build/lib/serial_communication_pkg
running install
running install_lib
copying /home/tu03/ros2_ws/build/serial_communication_pkg/build/lib/serial_communication_pkg/parking_serial_sender_node.py -> /home/tu03/ros2_ws/install/serial_communication_pkg/lib/python3.10/site-packages/serial_communication_pkg
byte-compiling /home/tu03/ros2_ws/install/serial_communication_pkg/lib/python3.10/site-packages/serial_communication_pkg/parking_serial_sender_node.py to parking_serial_sender_node.cpython-310.pyc
running install_data
running install_egg_info
removing '/home/tu03/ros2_ws/install/serial_communication_pkg/lib/python3.10/site-packages/serial_communication_pkg-0.0.0-py3.10.egg-info' (and everything under it)
Copying ../../build/serial_communication_pkg/serial_communication_pkg.egg-info to /home/tu03/ros2_ws/install/serial_communication_pkg/lib/python3.10/site-packages/serial_communication_pkg-0.0.0-py3.10.egg-info
running install_scripts
Installing parking_serial_sender_node script to /home/tu03/ros2_ws/install/serial_communication_pkg/lib/serial_communication_pkg
Installing serial_sender_node script to /home/tu03/ros2_ws/install/serial_communication_pkg/lib/serial_communication_pkg
writing list of installed files to '/home/tu03/ros2_ws/build/serial_communication_pkg/install.log'
