running egg_info
writing ../../build/camera_perception_pkg/camera_perception_pkg.egg-info/PKG-INFO
writing dependency_links to ../../build/camera_perception_pkg/camera_perception_pkg.egg-info/dependency_links.txt
writing entry points to ../../build/camera_perception_pkg/camera_perception_pkg.egg-info/entry_points.txt
writing requirements to ../../build/camera_perception_pkg/camera_perception_pkg.egg-info/requires.txt
writing top-level names to ../../build/camera_perception_pkg/camera_perception_pkg.egg-info/top_level.txt
reading manifest file '../../build/camera_perception_pkg/camera_perception_pkg.egg-info/SOURCES.txt'
writing manifest file '../../build/camera_perception_pkg/camera_perception_pkg.egg-info/SOURCES.txt'
running build
running build_py
copying camera_perception_pkg/image_publisher_node.py -> /home/tu03/ros2_ws/build/camera_perception_pkg/build/lib/camera_perception_pkg
running install
running install_lib
copying /home/tu03/ros2_ws/build/camera_perception_pkg/build/lib/camera_perception_pkg/image_publisher_node.py -> /home/tu03/ros2_ws/install/camera_perception_pkg/lib/python3.10/site-packages/camera_perception_pkg
byte-compiling /home/tu03/ros2_ws/install/camera_perception_pkg/lib/python3.10/site-packages/camera_perception_pkg/image_publisher_node.py to image_publisher_node.cpython-310.pyc
running install_data
running install_egg_info
removing '/home/tu03/ros2_ws/install/camera_perception_pkg/lib/python3.10/site-packages/camera_perception_pkg-0.0.0-py3.10.egg-info' (and everything under it)
Copying ../../build/camera_perception_pkg/camera_perception_pkg.egg-info to /home/tu03/ros2_ws/install/camera_perception_pkg/lib/python3.10/site-packages/camera_perception_pkg-0.0.0-py3.10.egg-info
running install_scripts
Installing car_detector_node script to /home/tu03/ros2_ws/install/camera_perception_pkg/lib/camera_perception_pkg
Installing image_publisher_node script to /home/tu03/ros2_ws/install/camera_perception_pkg/lib/camera_perception_pkg
Installing lane_info_extractor_node script to /home/tu03/ros2_ws/install/camera_perception_pkg/lib/camera_perception_pkg
Installing parking_car_detector_node script to /home/tu03/ros2_ws/install/camera_perception_pkg/lib/camera_perception_pkg
Installing traffic_light_detector_node script to /home/tu03/ros2_ws/install/camera_perception_pkg/lib/camera_perception_pkg
Installing yolov8_node script to /home/tu03/ros2_ws/install/camera_perception_pkg/lib/camera_perception_pkg
writing list of installed files to '/home/tu03/ros2_ws/build/camera_perception_pkg/install.log'
