[1.834s] Invoking command in '/home/tu03/ros2_ws/src/decision_making_pkg': PYTHONPATH=/home/tu03/ros2_ws/build/decision_making_pkg/prefix_override:/usr/lib/python3/dist-packages/colcon_core/task/python/colcon_distutils_commands:/home/tu03/ros2_ws/install/decision_making_pkg/lib/python3.10/site-packages:${PYTHONPATH} /usr/bin/python3 -W ignore:setup.py install is deprecated -W ignore:easy_install command is deprecated setup.py egg_info --egg-base ../../build/decision_making_pkg build --build-base /home/tu03/ros2_ws/build/decision_making_pkg/build install --record /home/tu03/ros2_ws/build/decision_making_pkg/install.log --single-version-externally-managed install_data
[2.567s] running egg_info
[2.568s] writing ../../build/decision_making_pkg/decision_making_pkg.egg-info/PKG-INFO
[2.568s] writing dependency_links to ../../build/decision_making_pkg/decision_making_pkg.egg-info/dependency_links.txt
[2.568s] writing entry points to ../../build/decision_making_pkg/decision_making_pkg.egg-info/entry_points.txt
[2.568s] writing requirements to ../../build/decision_making_pkg/decision_making_pkg.egg-info/requires.txt
[2.568s] writing top-level names to ../../build/decision_making_pkg/decision_making_pkg.egg-info/top_level.txt
[2.570s] reading manifest file '../../build/decision_making_pkg/decision_making_pkg.egg-info/SOURCES.txt'
[2.571s] writing manifest file '../../build/decision_making_pkg/decision_making_pkg.egg-info/SOURCES.txt'
[2.571s] running build
[2.571s] running build_py
[2.571s] copying decision_making_pkg/parking_motion_planner_node.py -> /home/tu03/ros2_ws/build/decision_making_pkg/build/lib/decision_making_pkg
[2.572s] running install
[2.572s] running install_lib
[2.573s] copying /home/tu03/ros2_ws/build/decision_making_pkg/build/lib/decision_making_pkg/parking_motion_planner_node.py -> /home/tu03/ros2_ws/install/decision_making_pkg/lib/python3.10/site-packages/decision_making_pkg
[2.574s] byte-compiling /home/tu03/ros2_ws/install/decision_making_pkg/lib/python3.10/site-packages/decision_making_pkg/parking_motion_planner_node.py to parking_motion_planner_node.cpython-310.pyc
[2.577s] running install_data
[2.577s] running install_egg_info
[2.579s] removing '/home/tu03/ros2_ws/install/decision_making_pkg/lib/python3.10/site-packages/decision_making_pkg-0.0.0-py3.10.egg-info' (and everything under it)
[2.579s] Copying ../../build/decision_making_pkg/decision_making_pkg.egg-info to /home/tu03/ros2_ws/install/decision_making_pkg/lib/python3.10/site-packages/decision_making_pkg-0.0.0-py3.10.egg-info
[2.580s] running install_scripts
[2.604s] Installing motion_planner_node script to /home/tu03/ros2_ws/install/decision_making_pkg/lib/decision_making_pkg
[2.604s] Installing obstacle_motion_planner_node script to /home/tu03/ros2_ws/install/decision_making_pkg/lib/decision_making_pkg
[2.604s] Installing parking_motion_planner_node script to /home/tu03/ros2_ws/install/decision_making_pkg/lib/decision_making_pkg
[2.604s] Installing path_planner_node script to /home/tu03/ros2_ws/install/decision_making_pkg/lib/decision_making_pkg
[2.604s] writing list of installed files to '/home/tu03/ros2_ws/build/decision_making_pkg/install.log'
[2.632s] Invoked command in '/home/tu03/ros2_ws/src/decision_making_pkg' returned '0': PYTHONPATH=/home/tu03/ros2_ws/build/decision_making_pkg/prefix_override:/usr/lib/python3/dist-packages/colcon_core/task/python/colcon_distutils_commands:/home/tu03/ros2_ws/install/decision_making_pkg/lib/python3.10/site-packages:${PYTHONPATH} /usr/bin/python3 -W ignore:setup.py install is deprecated -W ignore:easy_install command is deprecated setup.py egg_info --egg-base ../../build/decision_making_pkg build --build-base /home/tu03/ros2_ws/build/decision_making_pkg/build install --record /home/tu03/ros2_ws/build/decision_making_pkg/install.log --single-version-externally-managed install_data
