/home/tu03/ros2_ws/install/serial_communication_pkg/lib/python3.10/site-packages/serial_communication_pkg/__init__.py
/home/tu03/ros2_ws/install/serial_communication_pkg/lib/python3.10/site-packages/serial_communication_pkg/parking_serial_sender_node.py
/home/tu03/ros2_ws/install/serial_communication_pkg/lib/python3.10/site-packages/serial_communication_pkg/serial_sender_node.py
/home/tu03/ros2_ws/install/serial_communication_pkg/lib/python3.10/site-packages/serial_communication_pkg/lib/__init__.py
/home/tu03/ros2_ws/install/serial_communication_pkg/lib/python3.10/site-packages/serial_communication_pkg/lib/protocol_convert_func_lib.py
/home/tu03/ros2_ws/install/serial_communication_pkg/lib/python3.10/site-packages/serial_communication_pkg/__pycache__/__init__.cpython-310.pyc
/home/tu03/ros2_ws/install/serial_communication_pkg/lib/python3.10/site-packages/serial_communication_pkg/__pycache__/parking_serial_sender_node.cpython-310.pyc
/home/tu03/ros2_ws/install/serial_communication_pkg/lib/python3.10/site-packages/serial_communication_pkg/__pycache__/serial_sender_node.cpython-310.pyc
/home/tu03/ros2_ws/install/serial_communication_pkg/lib/python3.10/site-packages/serial_communication_pkg/lib/__pycache__/__init__.cpython-310.pyc
/home/tu03/ros2_ws/install/serial_communication_pkg/lib/python3.10/site-packages/serial_communication_pkg/lib/__pycache__/protocol_convert_func_lib.cpython-310.pyc
/home/tu03/ros2_ws/install/serial_communication_pkg/share/ament_index/resource_index/packages/serial_communication_pkg
/home/tu03/ros2_ws/install/serial_communication_pkg/share/serial_communication_pkg/package.xml
/home/tu03/ros2_ws/install/serial_communication_pkg/lib/python3.10/site-packages/serial_communication_pkg-0.0.0-py3.10.egg-info/top_level.txt
/home/tu03/ros2_ws/install/serial_communication_pkg/lib/python3.10/site-packages/serial_communication_pkg-0.0.0-py3.10.egg-info/SOURCES.txt
/home/tu03/ros2_ws/install/serial_communication_pkg/lib/python3.10/site-packages/serial_communication_pkg-0.0.0-py3.10.egg-info/requires.txt
/home/tu03/ros2_ws/install/serial_communication_pkg/lib/python3.10/site-packages/serial_communication_pkg-0.0.0-py3.10.egg-info/dependency_links.txt
/home/tu03/ros2_ws/install/serial_communication_pkg/lib/python3.10/site-packages/serial_communication_pkg-0.0.0-py3.10.egg-info/entry_points.txt
/home/tu03/ros2_ws/install/serial_communication_pkg/lib/python3.10/site-packages/serial_communication_pkg-0.0.0-py3.10.egg-info/PKG-INFO
/home/tu03/ros2_ws/install/serial_communication_pkg/lib/python3.10/site-packages/serial_communication_pkg-0.0.0-py3.10.egg-info/zip-safe
/home/tu03/ros2_ws/install/serial_communication_pkg/lib/serial_communication_pkg/parking_serial_sender_node
/home/tu03/ros2_ws/install/serial_communication_pkg/lib/serial_communication_pkg/serial_sender_node
